--------------- Build Started: 06/11/2020 22:56:47 Project: baremetal, Configuration: ARM GCC 5.4-2016-q2-update Debug ---------------
The code generation step is up to date.
arm-none-eabi-gcc.exe -mcpu=cortex-m3 -mthumb -I..\..\FatFs -I. -IGenerated_Source\PSoC5 -Wa,-alh=.\CortexM3\ARM_GCC_541\Debug/main.lst -g -D DEBUG -D CY_CORE_ID=0 -Wall -ffunction-sections -ffat-lto-objects -Og -c main.c -o .\CortexM3\ARM_GCC_541\Debug\main.o
main.c: In function 'main':
main.c:108:27: warning: format '%u' expects argument of type 'unsigned int', but argument 4 has type 'uint32_t {aka long unsigned int}' [-Wformat=]
             sprintf(debug,"%d,%ums,%ukByte/s\r\n",size,time,1000*size/time);
                           ^
main.c:108:27: warning: format '%u' expects argument of type 'unsigned int', but argument 5 has type 'long unsigned int' [-Wformat=]
main.c:108:27: warning: format '%u' expects argument of type 'unsigned int', but argument 4 has type 'uint32_t {aka long unsigned int}' [-Wformat=]
main.c:108:27: warning: format '%u' expects argument of type 'unsigned int', but argument 5 has type 'long unsigned int' [-Wformat=]
arm-none-eabi-ar.exe -rs .\CortexM3\ARM_GCC_541\Debug\baremetal.a .\CortexM3\ARM_GCC_541\Debug\cy_em_eeprom.o .\CortexM3\ARM_GCC_541\Debug\CyDmac.o .\CortexM3\ARM_GCC_541\Debug\CyFlash.o .\CortexM3\ARM_GCC_541\Debug\CyLib.o .\CortexM3\ARM_GCC_541\Debug\cyPm.o .\CortexM3\ARM_GCC_541\Debug\CySpc.o .\CortexM3\ARM_GCC_541\Debug\cyutils.o .\CortexM3\ARM_GCC_541\Debug\SPIM_SD.o .\CortexM3\ARM_GCC_541\Debug\SPIM_SD_PM.o .\CortexM3\ARM_GCC_541\Debug\SPIM_SD_INT.o .\CortexM3\ARM_GCC_541\Debug\SD_Clock.o .\CortexM3\ARM_GCC_541\Debug\SD_SCLK.o .\CortexM3\ARM_GCC_541\Debug\SD_MOSI.o .\CortexM3\ARM_GCC_541\Debug\SD_MISO.o .\CortexM3\ARM_GCC_541\Debug\SD_CS.o .\CortexM3\ARM_GCC_541\Debug\LED_0.o .\CortexM3\ARM_GCC_541\Debug\LED_1.o .\CortexM3\ARM_GCC_541\Debug\USBUART.o .\CortexM3\ARM_GCC_541\Debug\USBUART_audio.o .\CortexM3\ARM_GCC_541\Debug\USBUART_boot.o .\CortexM3\ARM_GCC_541\Debug\USBUART_cdc.o .\CortexM3\ARM_GCC_541\Debug\USBUART_cls.o .\CortexM3\ARM_GCC_541\Debug\USBUART_descr.o .\CortexM3\ARM_GCC_541\Debug\USBUART_drv.o .\CortexM3\ARM_GCC_541\Debug\USBUART_episr.o .\CortexM3\ARM_GCC_541\Debug\USBUART_hid.o .\CortexM3\ARM_GCC_541\Debug\USBUART_pm.o .\CortexM3\ARM_GCC_541\Debug\USBUART_std.o .\CortexM3\ARM_GCC_541\Debug\USBUART_vnd.o .\CortexM3\ARM_GCC_541\Debug\USBUART_midi.o .\CortexM3\ARM_GCC_541\Debug\USBUART_msc.o .\CortexM3\ARM_GCC_541\Debug\timer_clock.o .\CortexM3\ARM_GCC_541\Debug\Timer.o .\CortexM3\ARM_GCC_541\Debug\Timer_PM.o .\CortexM3\ARM_GCC_541\Debug\USBUART_Dm.o .\CortexM3\ARM_GCC_541\Debug\USBUART_Dp.o .\CortexM3\ARM_GCC_541\Debug\USBUART_ep3_dma.o .\CortexM3\ARM_GCC_541\Debug\USBUART_ep2_dma.o .\CortexM3\ARM_GCC_541\Debug\USBUART_ep1_dma.o .\CortexM3\ARM_GCC_541\Debug\CyBootAsmGnu.o
arm-none-eabi-ar.exe: creating .\CortexM3\ARM_GCC_541\Debug\baremetal.a
arm-none-eabi-gcc.exe -Wl,--start-group -o C:\Users\wa2n8\Desktop\PSoC\PSoC5LP-FatFs-with-FreeRTOS\PSoC_FatFs\baremetal.cydsn\CortexM3\ARM_GCC_541\Debug\baremetal.elf .\CortexM3\ARM_GCC_541\Debug\main.o .\CortexM3\ARM_GCC_541\Debug\diskio.o .\CortexM3\ARM_GCC_541\Debug\ff.o .\CortexM3\ARM_GCC_541\Debug\ffsystem.o .\CortexM3\ARM_GCC_541\Debug\cyfitter_cfg.o .\CortexM3\ARM_GCC_541\Debug\cymetadata.o .\CortexM3\ARM_GCC_541\Debug\Cm3Start.o .\CortexM3\ARM_GCC_541\Debug\baremetal.a "C:\Program Files (x86)\Cypress\PSoC Creator\4.2\PSoC Creator\psoc\content\cycomponentlibrary\CyComponentLibrary.cylib\CortexM3\ARM_GCC_541\Debug\CyComponentLibrary.a" -mcpu=cortex-m3 -mthumb -L Generated_Source\PSoC5 -Wl,-Map,.\CortexM3\ARM_GCC_541\Debug/baremetal.map -T Generated_Source\PSoC5\cm3gcc.ld -specs=nano.specs -Wl,--gc-sections -g -ffunction-sections -Og -ffat-lto-objects -Wl,--end-group
cyelftool.exe -C C:\Users\wa2n8\Desktop\PSoC\PSoC5LP-FatFs-with-FreeRTOS\PSoC_FatFs\baremetal.cydsn\CortexM3\ARM_GCC_541\Debug\baremetal.elf --flash_row_size 256 --flash_size 262144 --flash_offset 0x00000000
No ELF section .cychecksum found, creating one
Application checksum calculated and stored in ELF section .cychecksum
Checksum calculated and stored in ELF section .cymeta
cyelftool.exe -S C:\Users\wa2n8\Desktop\PSoC\PSoC5LP-FatFs-with-FreeRTOS\PSoC_FatFs\baremetal.cydsn\CortexM3\ARM_GCC_541\Debug\baremetal.elf
Flash used: 18688 of 262144 bytes (7.1%).
SRAM used: 53721 of 65536 bytes (82.0%). Stack: 3840 bytes. Heap: 32768 bytes.
--------------- Build Succeeded: 06/11/2020 22:56:48 ---------------
