ARM GAS  C:\Users\wa2n8\AppData\Local\Temp\cc6pyAqq.s 			page 1


   1              		.syntax unified
   2              		.cpu cortex-m3
   3              		.fpu softvfp
   4              		.eabi_attribute 20, 1
   5              		.eabi_attribute 21, 1
   6              		.eabi_attribute 23, 3
   7              		.eabi_attribute 24, 1
   8              		.eabi_attribute 25, 1
   9              		.eabi_attribute 26, 1
  10              		.eabi_attribute 30, 1
  11              		.eabi_attribute 34, 1
  12              		.eabi_attribute 18, 4
  13              		.thumb
  14              		.syntax unified
  15              		.file	"diskio.c"
  16              		.text
  17              	.Ltext0:
  18              		.cfi_sections	.debug_frame
  19              		.section	.text.disk_status,"ax",%progbits
  20              		.align	2
  21              		.global	disk_status
  22              		.thumb
  23              		.thumb_func
  24              		.type	disk_status, %function
  25              	disk_status:
  26              	.LFB0:
  27              		.file 1 "..\\..\\ff14\\source\\diskio.c"
   1:..\..\ff14\source/diskio.c **** /*-----------------------------------------------------------------------*/
   2:..\..\ff14\source/diskio.c **** /* Low level disk I/O module skeleton for FatFs     (C)ChaN, 2019        */
   3:..\..\ff14\source/diskio.c **** /*-----------------------------------------------------------------------*/
   4:..\..\ff14\source/diskio.c **** /* If a working storage control module is available, it should be        */
   5:..\..\ff14\source/diskio.c **** /* attached to the FatFs via a glue function rather than modifying it.   */
   6:..\..\ff14\source/diskio.c **** /* This is an example of glue functions to attach various exsisting      */
   7:..\..\ff14\source/diskio.c **** /* storage control modules to the FatFs module with a defined API.       */
   8:..\..\ff14\source/diskio.c **** /*-----------------------------------------------------------------------*/
   9:..\..\ff14\source/diskio.c **** 
  10:..\..\ff14\source/diskio.c **** #include "ff.h"			/* Obtains integer types */
  11:..\..\ff14\source/diskio.c **** #include "diskio.h"		/* Declarations of disk functions */
  12:..\..\ff14\source/diskio.c **** 
  13:..\..\ff14\source/diskio.c **** /* Definitions of physical drive number for each drive */
  14:..\..\ff14\source/diskio.c **** #define DEV_RAM		0	/* Example: Map Ramdisk to physical drive 0 */
  15:..\..\ff14\source/diskio.c **** #define DEV_MMC		1	/* Example: Map MMC/SD card to physical drive 1 */
  16:..\..\ff14\source/diskio.c **** #define DEV_USB		2	/* Example: Map USB MSD to physical drive 2 */
  17:..\..\ff14\source/diskio.c **** 
  18:..\..\ff14\source/diskio.c **** 
  19:..\..\ff14\source/diskio.c **** /*-----------------------------------------------------------------------*/
  20:..\..\ff14\source/diskio.c **** /* Get Drive Status                                                      */
  21:..\..\ff14\source/diskio.c **** /*-----------------------------------------------------------------------*/
  22:..\..\ff14\source/diskio.c **** 
  23:..\..\ff14\source/diskio.c **** DSTATUS disk_status (
  24:..\..\ff14\source/diskio.c **** 	BYTE pdrv		/* Physical drive nmuber to identify the drive */
  25:..\..\ff14\source/diskio.c **** )
  26:..\..\ff14\source/diskio.c **** {
  28              		.loc 1 26 0
  29              		.cfi_startproc
  30              		@ args = 0, pretend = 0, frame = 0
  31              		@ frame_needed = 0, uses_anonymous_args = 0
ARM GAS  C:\Users\wa2n8\AppData\Local\Temp\cc6pyAqq.s 			page 2


  32              	.LVL0:
  33 0000 08B5     		push	{r3, lr}
  34              		.cfi_def_cfa_offset 8
  35              		.cfi_offset 3, -8
  36              		.cfi_offset 14, -4
  27:..\..\ff14\source/diskio.c **** 	DSTATUS stat;
  28:..\..\ff14\source/diskio.c **** 	int result;
  29:..\..\ff14\source/diskio.c **** 
  30:..\..\ff14\source/diskio.c **** 	switch (pdrv) {
  37              		.loc 1 30 0
  38 0002 0128     		cmp	r0, #1
  39 0004 06D0     		beq	.L3
  40 0006 10B1     		cbz	r0, .L4
  41 0008 0228     		cmp	r0, #2
  42 000a 06D0     		beq	.L5
  43 000c 07E0     		b	.L2
  44              	.L4:
  45              	.LBB2:
  31:..\..\ff14\source/diskio.c **** 	case DEV_RAM :
  32:..\..\ff14\source/diskio.c **** 		result = RAM_disk_status();
  46              		.loc 1 32 0
  47 000e FFF7FEFF 		bl	RAM_disk_status
  48              	.LVL1:
  33:..\..\ff14\source/diskio.c **** 
  34:..\..\ff14\source/diskio.c **** 		// translate the reslut code here
  35:..\..\ff14\source/diskio.c **** 
  36:..\..\ff14\source/diskio.c **** 		return stat;
  49              		.loc 1 36 0
  50 0012 04E0     		b	.L2
  51              	.LVL2:
  52              	.L3:
  37:..\..\ff14\source/diskio.c **** 
  38:..\..\ff14\source/diskio.c **** 	case DEV_MMC :
  39:..\..\ff14\source/diskio.c **** 		result = MMC_disk_status();
  53              		.loc 1 39 0
  54 0014 FFF7FEFF 		bl	MMC_disk_status
  55              	.LVL3:
  40:..\..\ff14\source/diskio.c **** 
  41:..\..\ff14\source/diskio.c **** 		// translate the reslut code here
  42:..\..\ff14\source/diskio.c **** 
  43:..\..\ff14\source/diskio.c **** 		return stat;
  56              		.loc 1 43 0
  57 0018 01E0     		b	.L2
  58              	.LVL4:
  59              	.L5:
  44:..\..\ff14\source/diskio.c **** 
  45:..\..\ff14\source/diskio.c **** 	case DEV_USB :
  46:..\..\ff14\source/diskio.c **** 		result = USB_disk_status();
  60              		.loc 1 46 0
  61 001a FFF7FEFF 		bl	USB_disk_status
  62              	.LVL5:
  63              	.L2:
  64              	.LBE2:
  47:..\..\ff14\source/diskio.c **** 
  48:..\..\ff14\source/diskio.c **** 		// translate the reslut code here
  49:..\..\ff14\source/diskio.c **** 
  50:..\..\ff14\source/diskio.c **** 		return stat;
ARM GAS  C:\Users\wa2n8\AppData\Local\Temp\cc6pyAqq.s 			page 3


  51:..\..\ff14\source/diskio.c **** 	}
  52:..\..\ff14\source/diskio.c **** 	return STA_NOINIT;
  53:..\..\ff14\source/diskio.c **** }
  65              		.loc 1 53 0
  66 001e 0120     		movs	r0, #1
  67 0020 08BD     		pop	{r3, pc}
  68              		.cfi_endproc
  69              	.LFE0:
  70              		.size	disk_status, .-disk_status
  71 0022 00BF     		.section	.text.disk_initialize,"ax",%progbits
  72              		.align	2
  73              		.global	disk_initialize
  74              		.thumb
  75              		.thumb_func
  76              		.type	disk_initialize, %function
  77              	disk_initialize:
  78              	.LFB1:
  54:..\..\ff14\source/diskio.c **** 
  55:..\..\ff14\source/diskio.c **** 
  56:..\..\ff14\source/diskio.c **** 
  57:..\..\ff14\source/diskio.c **** /*-----------------------------------------------------------------------*/
  58:..\..\ff14\source/diskio.c **** /* Inidialize a Drive                                                    */
  59:..\..\ff14\source/diskio.c **** /*-----------------------------------------------------------------------*/
  60:..\..\ff14\source/diskio.c **** 
  61:..\..\ff14\source/diskio.c **** DSTATUS disk_initialize (
  62:..\..\ff14\source/diskio.c **** 	BYTE pdrv				/* Physical drive nmuber to identify the drive */
  63:..\..\ff14\source/diskio.c **** )
  64:..\..\ff14\source/diskio.c **** {
  79              		.loc 1 64 0
  80              		.cfi_startproc
  81              		@ args = 0, pretend = 0, frame = 0
  82              		@ frame_needed = 0, uses_anonymous_args = 0
  83              	.LVL6:
  84 0000 08B5     		push	{r3, lr}
  85              		.cfi_def_cfa_offset 8
  86              		.cfi_offset 3, -8
  87              		.cfi_offset 14, -4
  65:..\..\ff14\source/diskio.c **** 	DSTATUS stat;
  66:..\..\ff14\source/diskio.c **** 	int result;
  67:..\..\ff14\source/diskio.c **** 
  68:..\..\ff14\source/diskio.c **** 	switch (pdrv) {
  88              		.loc 1 68 0
  89 0002 0128     		cmp	r0, #1
  90 0004 06D0     		beq	.L9
  91 0006 10B1     		cbz	r0, .L10
  92 0008 0228     		cmp	r0, #2
  93 000a 06D0     		beq	.L11
  94 000c 07E0     		b	.L8
  95              	.L10:
  96              	.LBB3:
  69:..\..\ff14\source/diskio.c **** 	case DEV_RAM :
  70:..\..\ff14\source/diskio.c **** 		result = RAM_disk_initialize();
  97              		.loc 1 70 0
  98 000e FFF7FEFF 		bl	RAM_disk_initialize
  99              	.LVL7:
  71:..\..\ff14\source/diskio.c **** 
  72:..\..\ff14\source/diskio.c **** 		// translate the reslut code here
ARM GAS  C:\Users\wa2n8\AppData\Local\Temp\cc6pyAqq.s 			page 4


  73:..\..\ff14\source/diskio.c **** 
  74:..\..\ff14\source/diskio.c **** 		return stat;
 100              		.loc 1 74 0
 101 0012 04E0     		b	.L8
 102              	.LVL8:
 103              	.L9:
  75:..\..\ff14\source/diskio.c **** 
  76:..\..\ff14\source/diskio.c **** 	case DEV_MMC :
  77:..\..\ff14\source/diskio.c **** 		result = MMC_disk_initialize();
 104              		.loc 1 77 0
 105 0014 FFF7FEFF 		bl	MMC_disk_initialize
 106              	.LVL9:
  78:..\..\ff14\source/diskio.c **** 
  79:..\..\ff14\source/diskio.c **** 		// translate the reslut code here
  80:..\..\ff14\source/diskio.c **** 
  81:..\..\ff14\source/diskio.c **** 		return stat;
 107              		.loc 1 81 0
 108 0018 01E0     		b	.L8
 109              	.LVL10:
 110              	.L11:
  82:..\..\ff14\source/diskio.c **** 
  83:..\..\ff14\source/diskio.c **** 	case DEV_USB :
  84:..\..\ff14\source/diskio.c **** 		result = USB_disk_initialize();
 111              		.loc 1 84 0
 112 001a FFF7FEFF 		bl	USB_disk_initialize
 113              	.LVL11:
 114              	.L8:
 115              	.LBE3:
  85:..\..\ff14\source/diskio.c **** 
  86:..\..\ff14\source/diskio.c **** 		// translate the reslut code here
  87:..\..\ff14\source/diskio.c **** 
  88:..\..\ff14\source/diskio.c **** 		return stat;
  89:..\..\ff14\source/diskio.c **** 	}
  90:..\..\ff14\source/diskio.c **** 	return STA_NOINIT;
  91:..\..\ff14\source/diskio.c **** }
 116              		.loc 1 91 0
 117 001e 0120     		movs	r0, #1
 118 0020 08BD     		pop	{r3, pc}
 119              		.cfi_endproc
 120              	.LFE1:
 121              		.size	disk_initialize, .-disk_initialize
 122 0022 00BF     		.section	.text.disk_read,"ax",%progbits
 123              		.align	2
 124              		.global	disk_read
 125              		.thumb
 126              		.thumb_func
 127              		.type	disk_read, %function
 128              	disk_read:
 129              	.LFB2:
  92:..\..\ff14\source/diskio.c **** 
  93:..\..\ff14\source/diskio.c **** 
  94:..\..\ff14\source/diskio.c **** 
  95:..\..\ff14\source/diskio.c **** /*-----------------------------------------------------------------------*/
  96:..\..\ff14\source/diskio.c **** /* Read Sector(s)                                                        */
  97:..\..\ff14\source/diskio.c **** /*-----------------------------------------------------------------------*/
  98:..\..\ff14\source/diskio.c **** 
  99:..\..\ff14\source/diskio.c **** DRESULT disk_read (
ARM GAS  C:\Users\wa2n8\AppData\Local\Temp\cc6pyAqq.s 			page 5


 100:..\..\ff14\source/diskio.c **** 	BYTE pdrv,		/* Physical drive nmuber to identify the drive */
 101:..\..\ff14\source/diskio.c **** 	BYTE *buff,		/* Data buffer to store read data */
 102:..\..\ff14\source/diskio.c **** 	LBA_t sector,	/* Start sector in LBA */
 103:..\..\ff14\source/diskio.c **** 	UINT count		/* Number of sectors to read */
 104:..\..\ff14\source/diskio.c **** )
 105:..\..\ff14\source/diskio.c **** {
 130              		.loc 1 105 0
 131              		.cfi_startproc
 132              		@ args = 0, pretend = 0, frame = 0
 133              		@ frame_needed = 0, uses_anonymous_args = 0
 134              	.LVL12:
 135 0000 10B5     		push	{r4, lr}
 136              		.cfi_def_cfa_offset 8
 137              		.cfi_offset 4, -8
 138              		.cfi_offset 14, -4
 139 0002 0C46     		mov	r4, r1
 140 0004 1146     		mov	r1, r2
 141              	.LVL13:
 106:..\..\ff14\source/diskio.c **** 	DRESULT res;
 107:..\..\ff14\source/diskio.c **** 	int result;
 108:..\..\ff14\source/diskio.c **** 
 109:..\..\ff14\source/diskio.c **** 	switch (pdrv) {
 142              		.loc 1 109 0
 143 0006 0128     		cmp	r0, #1
 144 0008 08D0     		beq	.L15
 145 000a 10B1     		cbz	r0, .L16
 146 000c 0228     		cmp	r0, #2
 147 000e 0AD0     		beq	.L17
 148 0010 0DE0     		b	.L14
 149              	.L16:
 150              	.LBB4:
 110:..\..\ff14\source/diskio.c **** 	case DEV_RAM :
 111:..\..\ff14\source/diskio.c **** 		// translate the arguments here
 112:..\..\ff14\source/diskio.c **** 
 113:..\..\ff14\source/diskio.c **** 		result = RAM_disk_read(buff, sector, count);
 151              		.loc 1 113 0
 152 0012 1A46     		mov	r2, r3
 153              	.LVL14:
 154 0014 2046     		mov	r0, r4
 155              	.LVL15:
 156 0016 FFF7FEFF 		bl	RAM_disk_read
 157              	.LVL16:
 114:..\..\ff14\source/diskio.c **** 
 115:..\..\ff14\source/diskio.c **** 		// translate the reslut code here
 116:..\..\ff14\source/diskio.c **** 
 117:..\..\ff14\source/diskio.c **** 		return res;
 158              		.loc 1 117 0
 159 001a 08E0     		b	.L14
 160              	.LVL17:
 161              	.L15:
 118:..\..\ff14\source/diskio.c **** 
 119:..\..\ff14\source/diskio.c **** 	case DEV_MMC :
 120:..\..\ff14\source/diskio.c **** 		// translate the arguments here
 121:..\..\ff14\source/diskio.c **** 
 122:..\..\ff14\source/diskio.c **** 		result = MMC_disk_read(buff, sector, count);
 162              		.loc 1 122 0
 163 001c 1A46     		mov	r2, r3
ARM GAS  C:\Users\wa2n8\AppData\Local\Temp\cc6pyAqq.s 			page 6


 164 001e 2046     		mov	r0, r4
 165              	.LVL18:
 166 0020 FFF7FEFF 		bl	MMC_disk_read
 167              	.LVL19:
 123:..\..\ff14\source/diskio.c **** 
 124:..\..\ff14\source/diskio.c **** 		// translate the reslut code here
 125:..\..\ff14\source/diskio.c **** 
 126:..\..\ff14\source/diskio.c **** 		return res;
 168              		.loc 1 126 0
 169 0024 03E0     		b	.L14
 170              	.LVL20:
 171              	.L17:
 127:..\..\ff14\source/diskio.c **** 
 128:..\..\ff14\source/diskio.c **** 	case DEV_USB :
 129:..\..\ff14\source/diskio.c **** 		// translate the arguments here
 130:..\..\ff14\source/diskio.c **** 
 131:..\..\ff14\source/diskio.c **** 		result = USB_disk_read(buff, sector, count);
 172              		.loc 1 131 0
 173 0026 1A46     		mov	r2, r3
 174 0028 2046     		mov	r0, r4
 175              	.LVL21:
 176 002a FFF7FEFF 		bl	USB_disk_read
 177              	.LVL22:
 178              	.L14:
 179              	.LBE4:
 132:..\..\ff14\source/diskio.c **** 
 133:..\..\ff14\source/diskio.c **** 		// translate the reslut code here
 134:..\..\ff14\source/diskio.c **** 
 135:..\..\ff14\source/diskio.c **** 		return res;
 136:..\..\ff14\source/diskio.c **** 	}
 137:..\..\ff14\source/diskio.c **** 
 138:..\..\ff14\source/diskio.c **** 	return RES_PARERR;
 139:..\..\ff14\source/diskio.c **** }
 180              		.loc 1 139 0
 181 002e 0420     		movs	r0, #4
 182 0030 10BD     		pop	{r4, pc}
 183              		.cfi_endproc
 184              	.LFE2:
 185              		.size	disk_read, .-disk_read
 186 0032 00BF     		.section	.text.disk_write,"ax",%progbits
 187              		.align	2
 188              		.global	disk_write
 189              		.thumb
 190              		.thumb_func
 191              		.type	disk_write, %function
 192              	disk_write:
 193              	.LFB3:
 140:..\..\ff14\source/diskio.c **** 
 141:..\..\ff14\source/diskio.c **** 
 142:..\..\ff14\source/diskio.c **** 
 143:..\..\ff14\source/diskio.c **** /*-----------------------------------------------------------------------*/
 144:..\..\ff14\source/diskio.c **** /* Write Sector(s)                                                       */
 145:..\..\ff14\source/diskio.c **** /*-----------------------------------------------------------------------*/
 146:..\..\ff14\source/diskio.c **** 
 147:..\..\ff14\source/diskio.c **** #if FF_FS_READONLY == 0
 148:..\..\ff14\source/diskio.c **** 
 149:..\..\ff14\source/diskio.c **** DRESULT disk_write (
ARM GAS  C:\Users\wa2n8\AppData\Local\Temp\cc6pyAqq.s 			page 7


 150:..\..\ff14\source/diskio.c **** 	BYTE pdrv,			/* Physical drive nmuber to identify the drive */
 151:..\..\ff14\source/diskio.c **** 	const BYTE *buff,	/* Data to be written */
 152:..\..\ff14\source/diskio.c **** 	LBA_t sector,		/* Start sector in LBA */
 153:..\..\ff14\source/diskio.c **** 	UINT count			/* Number of sectors to write */
 154:..\..\ff14\source/diskio.c **** )
 155:..\..\ff14\source/diskio.c **** {
 194              		.loc 1 155 0
 195              		.cfi_startproc
 196              		@ args = 0, pretend = 0, frame = 0
 197              		@ frame_needed = 0, uses_anonymous_args = 0
 198              	.LVL23:
 199 0000 10B5     		push	{r4, lr}
 200              		.cfi_def_cfa_offset 8
 201              		.cfi_offset 4, -8
 202              		.cfi_offset 14, -4
 203 0002 0C46     		mov	r4, r1
 204 0004 1146     		mov	r1, r2
 205              	.LVL24:
 156:..\..\ff14\source/diskio.c **** 	DRESULT res;
 157:..\..\ff14\source/diskio.c **** 	int result;
 158:..\..\ff14\source/diskio.c **** 
 159:..\..\ff14\source/diskio.c **** 	switch (pdrv) {
 206              		.loc 1 159 0
 207 0006 0128     		cmp	r0, #1
 208 0008 08D0     		beq	.L21
 209 000a 10B1     		cbz	r0, .L22
 210 000c 0228     		cmp	r0, #2
 211 000e 0AD0     		beq	.L23
 212 0010 0DE0     		b	.L20
 213              	.L22:
 214              	.LBB5:
 160:..\..\ff14\source/diskio.c **** 	case DEV_RAM :
 161:..\..\ff14\source/diskio.c **** 		// translate the arguments here
 162:..\..\ff14\source/diskio.c **** 
 163:..\..\ff14\source/diskio.c **** 		result = RAM_disk_write(buff, sector, count);
 215              		.loc 1 163 0
 216 0012 1A46     		mov	r2, r3
 217              	.LVL25:
 218 0014 2046     		mov	r0, r4
 219              	.LVL26:
 220 0016 FFF7FEFF 		bl	RAM_disk_write
 221              	.LVL27:
 164:..\..\ff14\source/diskio.c **** 
 165:..\..\ff14\source/diskio.c **** 		// translate the reslut code here
 166:..\..\ff14\source/diskio.c **** 
 167:..\..\ff14\source/diskio.c **** 		return res;
 222              		.loc 1 167 0
 223 001a 08E0     		b	.L20
 224              	.LVL28:
 225              	.L21:
 168:..\..\ff14\source/diskio.c **** 
 169:..\..\ff14\source/diskio.c **** 	case DEV_MMC :
 170:..\..\ff14\source/diskio.c **** 		// translate the arguments here
 171:..\..\ff14\source/diskio.c **** 
 172:..\..\ff14\source/diskio.c **** 		result = MMC_disk_write(buff, sector, count);
 226              		.loc 1 172 0
 227 001c 1A46     		mov	r2, r3
ARM GAS  C:\Users\wa2n8\AppData\Local\Temp\cc6pyAqq.s 			page 8


 228 001e 2046     		mov	r0, r4
 229              	.LVL29:
 230 0020 FFF7FEFF 		bl	MMC_disk_write
 231              	.LVL30:
 173:..\..\ff14\source/diskio.c **** 
 174:..\..\ff14\source/diskio.c **** 		// translate the reslut code here
 175:..\..\ff14\source/diskio.c **** 
 176:..\..\ff14\source/diskio.c **** 		return res;
 232              		.loc 1 176 0
 233 0024 03E0     		b	.L20
 234              	.LVL31:
 235              	.L23:
 177:..\..\ff14\source/diskio.c **** 
 178:..\..\ff14\source/diskio.c **** 	case DEV_USB :
 179:..\..\ff14\source/diskio.c **** 		// translate the arguments here
 180:..\..\ff14\source/diskio.c **** 
 181:..\..\ff14\source/diskio.c **** 		result = USB_disk_write(buff, sector, count);
 236              		.loc 1 181 0
 237 0026 1A46     		mov	r2, r3
 238 0028 2046     		mov	r0, r4
 239              	.LVL32:
 240 002a FFF7FEFF 		bl	USB_disk_write
 241              	.LVL33:
 242              	.L20:
 243              	.LBE5:
 182:..\..\ff14\source/diskio.c **** 
 183:..\..\ff14\source/diskio.c **** 		// translate the reslut code here
 184:..\..\ff14\source/diskio.c **** 
 185:..\..\ff14\source/diskio.c **** 		return res;
 186:..\..\ff14\source/diskio.c **** 	}
 187:..\..\ff14\source/diskio.c **** 
 188:..\..\ff14\source/diskio.c **** 	return RES_PARERR;
 189:..\..\ff14\source/diskio.c **** }
 244              		.loc 1 189 0
 245 002e 0420     		movs	r0, #4
 246 0030 10BD     		pop	{r4, pc}
 247              		.cfi_endproc
 248              	.LFE3:
 249              		.size	disk_write, .-disk_write
 250 0032 00BF     		.section	.text.disk_ioctl,"ax",%progbits
 251              		.align	2
 252              		.global	disk_ioctl
 253              		.thumb
 254              		.thumb_func
 255              		.type	disk_ioctl, %function
 256              	disk_ioctl:
 257              	.LFB4:
 190:..\..\ff14\source/diskio.c **** 
 191:..\..\ff14\source/diskio.c **** #endif
 192:..\..\ff14\source/diskio.c **** 
 193:..\..\ff14\source/diskio.c **** 
 194:..\..\ff14\source/diskio.c **** /*-----------------------------------------------------------------------*/
 195:..\..\ff14\source/diskio.c **** /* Miscellaneous Functions                                               */
 196:..\..\ff14\source/diskio.c **** /*-----------------------------------------------------------------------*/
 197:..\..\ff14\source/diskio.c **** 
 198:..\..\ff14\source/diskio.c **** DRESULT disk_ioctl (
 199:..\..\ff14\source/diskio.c **** 	BYTE pdrv,		/* Physical drive nmuber (0..) */
ARM GAS  C:\Users\wa2n8\AppData\Local\Temp\cc6pyAqq.s 			page 9


 200:..\..\ff14\source/diskio.c **** 	BYTE cmd,		/* Control code */
 201:..\..\ff14\source/diskio.c **** 	void *buff		/* Buffer to send/receive control data */
 202:..\..\ff14\source/diskio.c **** )
 203:..\..\ff14\source/diskio.c **** {
 258              		.loc 1 203 0
 259              		.cfi_startproc
 260              		@ args = 0, pretend = 0, frame = 0
 261              		@ frame_needed = 0, uses_anonymous_args = 0
 262              		@ link register save eliminated.
 263              	.LVL34:
 204:..\..\ff14\source/diskio.c **** 	DRESULT res;
 205:..\..\ff14\source/diskio.c **** 	int result;
 206:..\..\ff14\source/diskio.c **** 
 207:..\..\ff14\source/diskio.c **** 	switch (pdrv) {
 208:..\..\ff14\source/diskio.c **** 	case DEV_RAM :
 209:..\..\ff14\source/diskio.c **** 
 210:..\..\ff14\source/diskio.c **** 		// Process of the command for the RAM drive
 211:..\..\ff14\source/diskio.c **** 
 212:..\..\ff14\source/diskio.c **** 		return res;
 213:..\..\ff14\source/diskio.c **** 
 214:..\..\ff14\source/diskio.c **** 	case DEV_MMC :
 215:..\..\ff14\source/diskio.c **** 
 216:..\..\ff14\source/diskio.c **** 		// Process of the command for the MMC/SD card
 217:..\..\ff14\source/diskio.c **** 
 218:..\..\ff14\source/diskio.c **** 		return res;
 219:..\..\ff14\source/diskio.c **** 
 220:..\..\ff14\source/diskio.c **** 	case DEV_USB :
 221:..\..\ff14\source/diskio.c **** 
 222:..\..\ff14\source/diskio.c **** 		// Process of the command the USB drive
 223:..\..\ff14\source/diskio.c **** 
 224:..\..\ff14\source/diskio.c **** 		return res;
 225:..\..\ff14\source/diskio.c **** 	}
 226:..\..\ff14\source/diskio.c **** 
 227:..\..\ff14\source/diskio.c **** 	return RES_PARERR;
 228:..\..\ff14\source/diskio.c **** }
 264              		.loc 1 228 0
 265 0000 0420     		movs	r0, #4
 266              	.LVL35:
 267 0002 7047     		bx	lr
 268              		.cfi_endproc
 269              	.LFE4:
 270              		.size	disk_ioctl, .-disk_ioctl
 271              		.text
 272              	.Letext0:
 273              		.file 2 "c:\\program files (x86)\\cypress\\psoc creator\\4.2\\psoc creator\\import\\gnu\\arm\\5.4.
 274              		.file 3 "c:\\program files (x86)\\cypress\\psoc creator\\4.2\\psoc creator\\import\\gnu\\arm\\5.4.
 275              		.file 4 "..\\..\\ff14\\source\\ff.h"
 276              		.file 5 "..\\..\\ff14\\source\\diskio.h"
 277              		.section	.debug_info,"",%progbits
 278              	.Ldebug_info0:
 279 0000 03050000 		.4byte	0x503
 280 0004 0400     		.2byte	0x4
 281 0006 00000000 		.4byte	.Ldebug_abbrev0
 282 000a 04       		.byte	0x4
 283 000b 01       		.uleb128 0x1
 284 000c 7E020000 		.4byte	.LASF47
 285 0010 0C       		.byte	0xc
ARM GAS  C:\Users\wa2n8\AppData\Local\Temp\cc6pyAqq.s 			page 10


 286 0011 54000000 		.4byte	.LASF48
 287 0015 DA010000 		.4byte	.LASF49
 288 0019 00000000 		.4byte	.Ldebug_ranges0+0
 289 001d 00000000 		.4byte	0
 290 0021 00000000 		.4byte	.Ldebug_line0
 291 0025 02       		.uleb128 0x2
 292 0026 01       		.byte	0x1
 293 0027 06       		.byte	0x6
 294 0028 46010000 		.4byte	.LASF0
 295 002c 02       		.uleb128 0x2
 296 002d 01       		.byte	0x1
 297 002e 08       		.byte	0x8
 298 002f 28010000 		.4byte	.LASF1
 299 0033 02       		.uleb128 0x2
 300 0034 02       		.byte	0x2
 301 0035 05       		.byte	0x5
 302 0036 2B000000 		.4byte	.LASF2
 303 003a 02       		.uleb128 0x2
 304 003b 02       		.byte	0x2
 305 003c 07       		.byte	0x7
 306 003d AE010000 		.4byte	.LASF3
 307 0041 02       		.uleb128 0x2
 308 0042 04       		.byte	0x4
 309 0043 05       		.byte	0x5
 310 0044 CD000000 		.4byte	.LASF4
 311 0048 03       		.uleb128 0x3
 312 0049 44000000 		.4byte	.LASF9
 313 004d 02       		.byte	0x2
 314 004e 41       		.byte	0x41
 315 004f 53000000 		.4byte	0x53
 316 0053 02       		.uleb128 0x2
 317 0054 04       		.byte	0x4
 318 0055 07       		.byte	0x7
 319 0056 4B020000 		.4byte	.LASF5
 320 005a 02       		.uleb128 0x2
 321 005b 08       		.byte	0x8
 322 005c 05       		.byte	0x5
 323 005d B4000000 		.4byte	.LASF6
 324 0061 02       		.uleb128 0x2
 325 0062 08       		.byte	0x8
 326 0063 07       		.byte	0x7
 327 0064 52010000 		.4byte	.LASF7
 328 0068 04       		.uleb128 0x4
 329 0069 04       		.byte	0x4
 330 006a 05       		.byte	0x5
 331 006b 696E7400 		.ascii	"int\000"
 332 006f 02       		.uleb128 0x2
 333 0070 04       		.byte	0x4
 334 0071 07       		.byte	0x7
 335 0072 72010000 		.4byte	.LASF8
 336 0076 03       		.uleb128 0x3
 337 0077 69010000 		.4byte	.LASF10
 338 007b 03       		.byte	0x3
 339 007c 30       		.byte	0x30
 340 007d 48000000 		.4byte	0x48
 341 0081 03       		.uleb128 0x3
 342 0082 F0000000 		.4byte	.LASF11
ARM GAS  C:\Users\wa2n8\AppData\Local\Temp\cc6pyAqq.s 			page 11


 343 0086 04       		.byte	0x4
 344 0087 2D       		.byte	0x2d
 345 0088 6F000000 		.4byte	0x6f
 346 008c 03       		.uleb128 0x3
 347 008d 6F000000 		.4byte	.LASF12
 348 0091 04       		.byte	0x4
 349 0092 2E       		.byte	0x2e
 350 0093 2C000000 		.4byte	0x2c
 351 0097 03       		.uleb128 0x3
 352 0098 13010000 		.4byte	.LASF13
 353 009c 04       		.byte	0x4
 354 009d 30       		.byte	0x30
 355 009e 76000000 		.4byte	0x76
 356 00a2 02       		.uleb128 0x2
 357 00a3 01       		.byte	0x1
 358 00a4 08       		.byte	0x8
 359 00a5 D5010000 		.4byte	.LASF14
 360 00a9 03       		.uleb128 0x3
 361 00aa 35000000 		.4byte	.LASF15
 362 00ae 04       		.byte	0x4
 363 00af 7D       		.byte	0x7d
 364 00b0 97000000 		.4byte	0x97
 365 00b4 02       		.uleb128 0x2
 366 00b5 04       		.byte	0x4
 367 00b6 07       		.byte	0x7
 368 00b7 3B000000 		.4byte	.LASF16
 369 00bb 05       		.uleb128 0x5
 370 00bc 04       		.byte	0x4
 371 00bd 8C000000 		.4byte	0x8c
 372 00c1 03       		.uleb128 0x3
 373 00c2 0B010000 		.4byte	.LASF17
 374 00c6 05       		.byte	0x5
 375 00c7 0D       		.byte	0xd
 376 00c8 8C000000 		.4byte	0x8c
 377 00cc 06       		.uleb128 0x6
 378 00cd 01       		.byte	0x1
 379 00ce 2C000000 		.4byte	0x2c
 380 00d2 05       		.byte	0x5
 381 00d3 10       		.byte	0x10
 382 00d4 F7000000 		.4byte	0xf7
 383 00d8 07       		.uleb128 0x7
 384 00d9 24000000 		.4byte	.LASF18
 385 00dd 00       		.byte	0
 386 00de 07       		.uleb128 0x7
 387 00df 0C000000 		.4byte	.LASF19
 388 00e3 01       		.byte	0x1
 389 00e4 07       		.uleb128 0x7
 390 00e5 D6000000 		.4byte	.LASF20
 391 00e9 02       		.byte	0x2
 392 00ea 07       		.uleb128 0x7
 393 00eb C2000000 		.4byte	.LASF21
 394 00ef 03       		.byte	0x3
 395 00f0 07       		.uleb128 0x7
 396 00f1 0C030000 		.4byte	.LASF22
 397 00f5 04       		.byte	0x4
 398 00f6 00       		.byte	0
 399 00f7 03       		.uleb128 0x3
ARM GAS  C:\Users\wa2n8\AppData\Local\Temp\cc6pyAqq.s 			page 12


 400 00f8 71020000 		.4byte	.LASF23
 401 00fc 05       		.byte	0x5
 402 00fd 16       		.byte	0x16
 403 00fe CC000000 		.4byte	0xcc
 404 0102 08       		.uleb128 0x8
 405 0103 F5000000 		.4byte	.LASF29
 406 0107 01       		.byte	0x1
 407 0108 17       		.byte	0x17
 408 0109 C1000000 		.4byte	0xc1
 409 010d 00000000 		.4byte	.LFB0
 410 0111 22000000 		.4byte	.LFE0-.LFB0
 411 0115 01       		.uleb128 0x1
 412 0116 9C       		.byte	0x9c
 413 0117 99010000 		.4byte	0x199
 414 011b 09       		.uleb128 0x9
 415 011c 07000000 		.4byte	.LASF31
 416 0120 01       		.byte	0x1
 417 0121 18       		.byte	0x18
 418 0122 8C000000 		.4byte	0x8c
 419 0126 00000000 		.4byte	.LLST0
 420 012a 0A       		.uleb128 0xa
 421 012b 79020000 		.4byte	.LASF24
 422 012f 01       		.byte	0x1
 423 0130 1B       		.byte	0x1b
 424 0131 C1000000 		.4byte	0xc1
 425 0135 0A       		.uleb128 0xa
 426 0136 00000000 		.4byte	.LASF25
 427 013a 01       		.byte	0x1
 428 013b 1C       		.byte	0x1c
 429 013c 68000000 		.4byte	0x68
 430 0140 0B       		.uleb128 0xb
 431 0141 0E000000 		.4byte	.LBB2
 432 0145 10000000 		.4byte	.LBE2-.LBB2
 433 0149 0C       		.uleb128 0xc
 434 014a 86000000 		.4byte	.LASF26
 435 014e 01       		.byte	0x1
 436 014f 20       		.byte	0x20
 437 0150 68000000 		.4byte	0x68
 438 0154 5A010000 		.4byte	0x15a
 439 0158 0D       		.uleb128 0xd
 440 0159 00       		.byte	0
 441 015a 0C       		.uleb128 0xc
 442 015b 9E010000 		.4byte	.LASF27
 443 015f 01       		.byte	0x1
 444 0160 27       		.byte	0x27
 445 0161 68000000 		.4byte	0x68
 446 0165 6B010000 		.4byte	0x16b
 447 0169 0D       		.uleb128 0xd
 448 016a 00       		.byte	0
 449 016b 0C       		.uleb128 0xc
 450 016c 36010000 		.4byte	.LASF28
 451 0170 01       		.byte	0x1
 452 0171 2E       		.byte	0x2e
 453 0172 68000000 		.4byte	0x68
 454 0176 7C010000 		.4byte	0x17c
 455 017a 0D       		.uleb128 0xd
 456 017b 00       		.byte	0
ARM GAS  C:\Users\wa2n8\AppData\Local\Temp\cc6pyAqq.s 			page 13


 457 017c 0E       		.uleb128 0xe
 458 017d 12000000 		.4byte	.LVL1
 459 0181 82040000 		.4byte	0x482
 460 0185 0E       		.uleb128 0xe
 461 0186 18000000 		.4byte	.LVL3
 462 018a 8D040000 		.4byte	0x48d
 463 018e 0E       		.uleb128 0xe
 464 018f 1E000000 		.4byte	.LVL5
 465 0193 98040000 		.4byte	0x498
 466 0197 00       		.byte	0
 467 0198 00       		.byte	0
 468 0199 08       		.uleb128 0x8
 469 019a E0000000 		.4byte	.LASF30
 470 019e 01       		.byte	0x1
 471 019f 3D       		.byte	0x3d
 472 01a0 C1000000 		.4byte	0xc1
 473 01a4 00000000 		.4byte	.LFB1
 474 01a8 22000000 		.4byte	.LFE1-.LFB1
 475 01ac 01       		.uleb128 0x1
 476 01ad 9C       		.byte	0x9c
 477 01ae 30020000 		.4byte	0x230
 478 01b2 09       		.uleb128 0x9
 479 01b3 07000000 		.4byte	.LASF31
 480 01b7 01       		.byte	0x1
 481 01b8 3E       		.byte	0x3e
 482 01b9 8C000000 		.4byte	0x8c
 483 01bd 53000000 		.4byte	.LLST1
 484 01c1 0A       		.uleb128 0xa
 485 01c2 79020000 		.4byte	.LASF24
 486 01c6 01       		.byte	0x1
 487 01c7 41       		.byte	0x41
 488 01c8 C1000000 		.4byte	0xc1
 489 01cc 0A       		.uleb128 0xa
 490 01cd 00000000 		.4byte	.LASF25
 491 01d1 01       		.byte	0x1
 492 01d2 42       		.byte	0x42
 493 01d3 68000000 		.4byte	0x68
 494 01d7 0B       		.uleb128 0xb
 495 01d8 0E000000 		.4byte	.LBB3
 496 01dc 10000000 		.4byte	.LBE3-.LBB3
 497 01e0 0C       		.uleb128 0xc
 498 01e1 29020000 		.4byte	.LASF32
 499 01e5 01       		.byte	0x1
 500 01e6 46       		.byte	0x46
 501 01e7 68000000 		.4byte	0x68
 502 01eb F1010000 		.4byte	0x1f1
 503 01ef 0D       		.uleb128 0xd
 504 01f0 00       		.byte	0
 505 01f1 0C       		.uleb128 0xc
 506 01f2 7F010000 		.4byte	.LASF33
 507 01f6 01       		.byte	0x1
 508 01f7 4D       		.byte	0x4d
 509 01f8 68000000 		.4byte	0x68
 510 01fc 02020000 		.4byte	0x202
 511 0200 0D       		.uleb128 0xd
 512 0201 00       		.byte	0
 513 0202 0C       		.uleb128 0xc
ARM GAS  C:\Users\wa2n8\AppData\Local\Temp\cc6pyAqq.s 			page 14


 514 0203 C1010000 		.4byte	.LASF34
 515 0207 01       		.byte	0x1
 516 0208 54       		.byte	0x54
 517 0209 68000000 		.4byte	0x68
 518 020d 13020000 		.4byte	0x213
 519 0211 0D       		.uleb128 0xd
 520 0212 00       		.byte	0
 521 0213 0E       		.uleb128 0xe
 522 0214 12000000 		.4byte	.LVL7
 523 0218 A3040000 		.4byte	0x4a3
 524 021c 0E       		.uleb128 0xe
 525 021d 18000000 		.4byte	.LVL9
 526 0221 AE040000 		.4byte	0x4ae
 527 0225 0E       		.uleb128 0xe
 528 0226 1E000000 		.4byte	.LVL11
 529 022a B9040000 		.4byte	0x4b9
 530 022e 00       		.byte	0
 531 022f 00       		.byte	0
 532 0230 08       		.uleb128 0x8
 533 0231 01010000 		.4byte	.LASF35
 534 0235 01       		.byte	0x1
 535 0236 63       		.byte	0x63
 536 0237 F7000000 		.4byte	0xf7
 537 023b 00000000 		.4byte	.LFB2
 538 023f 32000000 		.4byte	.LFE2-.LFB2
 539 0243 01       		.uleb128 0x1
 540 0244 9C       		.byte	0x9c
 541 0245 26030000 		.4byte	0x326
 542 0249 09       		.uleb128 0x9
 543 024a 07000000 		.4byte	.LASF31
 544 024e 01       		.byte	0x1
 545 024f 64       		.byte	0x64
 546 0250 8C000000 		.4byte	0x8c
 547 0254 A6000000 		.4byte	.LLST2
 548 0258 09       		.uleb128 0x9
 549 0259 4F000000 		.4byte	.LASF36
 550 025d 01       		.byte	0x1
 551 025e 65       		.byte	0x65
 552 025f BB000000 		.4byte	0xbb
 553 0263 F9000000 		.4byte	.LLST3
 554 0267 09       		.uleb128 0x9
 555 0268 7F000000 		.4byte	.LASF37
 556 026c 01       		.byte	0x1
 557 026d 66       		.byte	0x66
 558 026e A9000000 		.4byte	0xa9
 559 0272 17010000 		.4byte	.LLST4
 560 0276 09       		.uleb128 0x9
 561 0277 5D020000 		.4byte	.LASF38
 562 027b 01       		.byte	0x1
 563 027c 67       		.byte	0x67
 564 027d 81000000 		.4byte	0x81
 565 0281 75010000 		.4byte	.LLST5
 566 0285 0F       		.uleb128 0xf
 567 0286 72657300 		.ascii	"res\000"
 568 028a 01       		.byte	0x1
 569 028b 6A       		.byte	0x6a
 570 028c F7000000 		.4byte	0xf7
ARM GAS  C:\Users\wa2n8\AppData\Local\Temp\cc6pyAqq.s 			page 15


 571 0290 0A       		.uleb128 0xa
 572 0291 00000000 		.4byte	.LASF25
 573 0295 01       		.byte	0x1
 574 0296 6B       		.byte	0x6b
 575 0297 68000000 		.4byte	0x68
 576 029b 0B       		.uleb128 0xb
 577 029c 12000000 		.4byte	.LBB4
 578 02a0 1C000000 		.4byte	.LBE4-.LBB4
 579 02a4 0C       		.uleb128 0xc
 580 02a5 16000000 		.4byte	.LASF39
 581 02a9 01       		.byte	0x1
 582 02aa 71       		.byte	0x71
 583 02ab 68000000 		.4byte	0x68
 584 02af B5020000 		.4byte	0x2b5
 585 02b3 0D       		.uleb128 0xd
 586 02b4 00       		.byte	0
 587 02b5 0C       		.uleb128 0xc
 588 02b6 63020000 		.4byte	.LASF40
 589 02ba 01       		.byte	0x1
 590 02bb 7A       		.byte	0x7a
 591 02bc 68000000 		.4byte	0x68
 592 02c0 C6020000 		.4byte	0x2c6
 593 02c4 0D       		.uleb128 0xd
 594 02c5 00       		.byte	0
 595 02c6 0C       		.uleb128 0xc
 596 02c7 3D020000 		.4byte	.LASF41
 597 02cb 01       		.byte	0x1
 598 02cc 83       		.byte	0x83
 599 02cd 68000000 		.4byte	0x68
 600 02d1 D7020000 		.4byte	0x2d7
 601 02d5 0D       		.uleb128 0xd
 602 02d6 00       		.byte	0
 603 02d7 10       		.uleb128 0x10
 604 02d8 1A000000 		.4byte	.LVL16
 605 02dc C4040000 		.4byte	0x4c4
 606 02e0 F2020000 		.4byte	0x2f2
 607 02e4 11       		.uleb128 0x11
 608 02e5 01       		.uleb128 0x1
 609 02e6 50       		.byte	0x50
 610 02e7 02       		.uleb128 0x2
 611 02e8 74       		.byte	0x74
 612 02e9 00       		.sleb128 0
 613 02ea 11       		.uleb128 0x11
 614 02eb 01       		.uleb128 0x1
 615 02ec 52       		.byte	0x52
 616 02ed 03       		.uleb128 0x3
 617 02ee F3       		.byte	0xf3
 618 02ef 01       		.uleb128 0x1
 619 02f0 53       		.byte	0x53
 620 02f1 00       		.byte	0
 621 02f2 10       		.uleb128 0x10
 622 02f3 24000000 		.4byte	.LVL19
 623 02f7 CF040000 		.4byte	0x4cf
 624 02fb 0D030000 		.4byte	0x30d
 625 02ff 11       		.uleb128 0x11
 626 0300 01       		.uleb128 0x1
 627 0301 50       		.byte	0x50
ARM GAS  C:\Users\wa2n8\AppData\Local\Temp\cc6pyAqq.s 			page 16


 628 0302 02       		.uleb128 0x2
 629 0303 74       		.byte	0x74
 630 0304 00       		.sleb128 0
 631 0305 11       		.uleb128 0x11
 632 0306 01       		.uleb128 0x1
 633 0307 52       		.byte	0x52
 634 0308 03       		.uleb128 0x3
 635 0309 F3       		.byte	0xf3
 636 030a 01       		.uleb128 0x1
 637 030b 53       		.byte	0x53
 638 030c 00       		.byte	0
 639 030d 12       		.uleb128 0x12
 640 030e 2E000000 		.4byte	.LVL22
 641 0312 DA040000 		.4byte	0x4da
 642 0316 11       		.uleb128 0x11
 643 0317 01       		.uleb128 0x1
 644 0318 50       		.byte	0x50
 645 0319 02       		.uleb128 0x2
 646 031a 74       		.byte	0x74
 647 031b 00       		.sleb128 0
 648 031c 11       		.uleb128 0x11
 649 031d 01       		.uleb128 0x1
 650 031e 52       		.byte	0x52
 651 031f 03       		.uleb128 0x3
 652 0320 F3       		.byte	0xf3
 653 0321 01       		.uleb128 0x1
 654 0322 53       		.byte	0x53
 655 0323 00       		.byte	0
 656 0324 00       		.byte	0
 657 0325 00       		.byte	0
 658 0326 08       		.uleb128 0x8
 659 0327 93010000 		.4byte	.LASF42
 660 032b 01       		.byte	0x1
 661 032c 95       		.byte	0x95
 662 032d F7000000 		.4byte	0xf7
 663 0331 00000000 		.4byte	.LFB3
 664 0335 32000000 		.4byte	.LFE3-.LFB3
 665 0339 01       		.uleb128 0x1
 666 033a 9C       		.byte	0x9c
 667 033b 1C040000 		.4byte	0x41c
 668 033f 09       		.uleb128 0x9
 669 0340 07000000 		.4byte	.LASF31
 670 0344 01       		.byte	0x1
 671 0345 96       		.byte	0x96
 672 0346 8C000000 		.4byte	0x8c
 673 034a C8010000 		.4byte	.LLST6
 674 034e 09       		.uleb128 0x9
 675 034f 4F000000 		.4byte	.LASF36
 676 0353 01       		.byte	0x1
 677 0354 97       		.byte	0x97
 678 0355 1C040000 		.4byte	0x41c
 679 0359 1B020000 		.4byte	.LLST7
 680 035d 09       		.uleb128 0x9
 681 035e 7F000000 		.4byte	.LASF37
 682 0362 01       		.byte	0x1
 683 0363 98       		.byte	0x98
 684 0364 A9000000 		.4byte	0xa9
ARM GAS  C:\Users\wa2n8\AppData\Local\Temp\cc6pyAqq.s 			page 17


 685 0368 39020000 		.4byte	.LLST8
 686 036c 09       		.uleb128 0x9
 687 036d 5D020000 		.4byte	.LASF38
 688 0371 01       		.byte	0x1
 689 0372 99       		.byte	0x99
 690 0373 81000000 		.4byte	0x81
 691 0377 97020000 		.4byte	.LLST9
 692 037b 0F       		.uleb128 0xf
 693 037c 72657300 		.ascii	"res\000"
 694 0380 01       		.byte	0x1
 695 0381 9C       		.byte	0x9c
 696 0382 F7000000 		.4byte	0xf7
 697 0386 0A       		.uleb128 0xa
 698 0387 00000000 		.4byte	.LASF25
 699 038b 01       		.byte	0x1
 700 038c 9D       		.byte	0x9d
 701 038d 68000000 		.4byte	0x68
 702 0391 0B       		.uleb128 0xb
 703 0392 12000000 		.4byte	.LBB5
 704 0396 1C000000 		.4byte	.LBE5-.LBB5
 705 039a 0C       		.uleb128 0xc
 706 039b A5000000 		.4byte	.LASF43
 707 039f 01       		.byte	0x1
 708 03a0 A3       		.byte	0xa3
 709 03a1 68000000 		.4byte	0x68
 710 03a5 AB030000 		.4byte	0x3ab
 711 03a9 0D       		.uleb128 0xd
 712 03aa 00       		.byte	0
 713 03ab 0C       		.uleb128 0xc
 714 03ac 19010000 		.4byte	.LASF44
 715 03b0 01       		.byte	0x1
 716 03b1 AC       		.byte	0xac
 717 03b2 68000000 		.4byte	0x68
 718 03b6 BC030000 		.4byte	0x3bc
 719 03ba 0D       		.uleb128 0xd
 720 03bb 00       		.byte	0
 721 03bc 0C       		.uleb128 0xc
 722 03bd 96000000 		.4byte	.LASF45
 723 03c1 01       		.byte	0x1
 724 03c2 B5       		.byte	0xb5
 725 03c3 68000000 		.4byte	0x68
 726 03c7 CD030000 		.4byte	0x3cd
 727 03cb 0D       		.uleb128 0xd
 728 03cc 00       		.byte	0
 729 03cd 10       		.uleb128 0x10
 730 03ce 1A000000 		.4byte	.LVL27
 731 03d2 E5040000 		.4byte	0x4e5
 732 03d6 E8030000 		.4byte	0x3e8
 733 03da 11       		.uleb128 0x11
 734 03db 01       		.uleb128 0x1
 735 03dc 50       		.byte	0x50
 736 03dd 02       		.uleb128 0x2
 737 03de 74       		.byte	0x74
 738 03df 00       		.sleb128 0
 739 03e0 11       		.uleb128 0x11
 740 03e1 01       		.uleb128 0x1
 741 03e2 52       		.byte	0x52
ARM GAS  C:\Users\wa2n8\AppData\Local\Temp\cc6pyAqq.s 			page 18


 742 03e3 03       		.uleb128 0x3
 743 03e4 F3       		.byte	0xf3
 744 03e5 01       		.uleb128 0x1
 745 03e6 53       		.byte	0x53
 746 03e7 00       		.byte	0
 747 03e8 10       		.uleb128 0x10
 748 03e9 24000000 		.4byte	.LVL30
 749 03ed F0040000 		.4byte	0x4f0
 750 03f1 03040000 		.4byte	0x403
 751 03f5 11       		.uleb128 0x11
 752 03f6 01       		.uleb128 0x1
 753 03f7 50       		.byte	0x50
 754 03f8 02       		.uleb128 0x2
 755 03f9 74       		.byte	0x74
 756 03fa 00       		.sleb128 0
 757 03fb 11       		.uleb128 0x11
 758 03fc 01       		.uleb128 0x1
 759 03fd 52       		.byte	0x52
 760 03fe 03       		.uleb128 0x3
 761 03ff F3       		.byte	0xf3
 762 0400 01       		.uleb128 0x1
 763 0401 53       		.byte	0x53
 764 0402 00       		.byte	0
 765 0403 12       		.uleb128 0x12
 766 0404 2E000000 		.4byte	.LVL33
 767 0408 FB040000 		.4byte	0x4fb
 768 040c 11       		.uleb128 0x11
 769 040d 01       		.uleb128 0x1
 770 040e 50       		.byte	0x50
 771 040f 02       		.uleb128 0x2
 772 0410 74       		.byte	0x74
 773 0411 00       		.sleb128 0
 774 0412 11       		.uleb128 0x11
 775 0413 01       		.uleb128 0x1
 776 0414 52       		.byte	0x52
 777 0415 03       		.uleb128 0x3
 778 0416 F3       		.byte	0xf3
 779 0417 01       		.uleb128 0x1
 780 0418 53       		.byte	0x53
 781 0419 00       		.byte	0
 782 041a 00       		.byte	0
 783 041b 00       		.byte	0
 784 041c 05       		.uleb128 0x5
 785 041d 04       		.byte	0x4
 786 041e 22040000 		.4byte	0x422
 787 0422 13       		.uleb128 0x13
 788 0423 8C000000 		.4byte	0x8c
 789 0427 08       		.uleb128 0x8
 790 0428 74000000 		.4byte	.LASF46
 791 042c 01       		.byte	0x1
 792 042d C6       		.byte	0xc6
 793 042e F7000000 		.4byte	0xf7
 794 0432 00000000 		.4byte	.LFB4
 795 0436 04000000 		.4byte	.LFE4-.LFB4
 796 043a 01       		.uleb128 0x1
 797 043b 9C       		.byte	0x9c
 798 043c 80040000 		.4byte	0x480
ARM GAS  C:\Users\wa2n8\AppData\Local\Temp\cc6pyAqq.s 			page 19


 799 0440 09       		.uleb128 0x9
 800 0441 07000000 		.4byte	.LASF31
 801 0445 01       		.byte	0x1
 802 0446 C7       		.byte	0xc7
 803 0447 8C000000 		.4byte	0x8c
 804 044b EA020000 		.4byte	.LLST10
 805 044f 14       		.uleb128 0x14
 806 0450 636D6400 		.ascii	"cmd\000"
 807 0454 01       		.byte	0x1
 808 0455 C8       		.byte	0xc8
 809 0456 8C000000 		.4byte	0x8c
 810 045a 01       		.uleb128 0x1
 811 045b 51       		.byte	0x51
 812 045c 15       		.uleb128 0x15
 813 045d 4F000000 		.4byte	.LASF36
 814 0461 01       		.byte	0x1
 815 0462 C9       		.byte	0xc9
 816 0463 80040000 		.4byte	0x480
 817 0467 01       		.uleb128 0x1
 818 0468 52       		.byte	0x52
 819 0469 0F       		.uleb128 0xf
 820 046a 72657300 		.ascii	"res\000"
 821 046e 01       		.byte	0x1
 822 046f CC       		.byte	0xcc
 823 0470 F7000000 		.4byte	0xf7
 824 0474 0A       		.uleb128 0xa
 825 0475 00000000 		.4byte	.LASF25
 826 0479 01       		.byte	0x1
 827 047a CD       		.byte	0xcd
 828 047b 68000000 		.4byte	0x68
 829 047f 00       		.byte	0
 830 0480 16       		.uleb128 0x16
 831 0481 04       		.byte	0x4
 832 0482 17       		.uleb128 0x17
 833 0483 86000000 		.4byte	.LASF26
 834 0487 86000000 		.4byte	.LASF26
 835 048b 01       		.byte	0x1
 836 048c 20       		.byte	0x20
 837 048d 17       		.uleb128 0x17
 838 048e 9E010000 		.4byte	.LASF27
 839 0492 9E010000 		.4byte	.LASF27
 840 0496 01       		.byte	0x1
 841 0497 27       		.byte	0x27
 842 0498 17       		.uleb128 0x17
 843 0499 36010000 		.4byte	.LASF28
 844 049d 36010000 		.4byte	.LASF28
 845 04a1 01       		.byte	0x1
 846 04a2 2E       		.byte	0x2e
 847 04a3 17       		.uleb128 0x17
 848 04a4 29020000 		.4byte	.LASF32
 849 04a8 29020000 		.4byte	.LASF32
 850 04ac 01       		.byte	0x1
 851 04ad 46       		.byte	0x46
 852 04ae 17       		.uleb128 0x17
 853 04af 7F010000 		.4byte	.LASF33
 854 04b3 7F010000 		.4byte	.LASF33
 855 04b7 01       		.byte	0x1
ARM GAS  C:\Users\wa2n8\AppData\Local\Temp\cc6pyAqq.s 			page 20


 856 04b8 4D       		.byte	0x4d
 857 04b9 17       		.uleb128 0x17
 858 04ba C1010000 		.4byte	.LASF34
 859 04be C1010000 		.4byte	.LASF34
 860 04c2 01       		.byte	0x1
 861 04c3 54       		.byte	0x54
 862 04c4 17       		.uleb128 0x17
 863 04c5 16000000 		.4byte	.LASF39
 864 04c9 16000000 		.4byte	.LASF39
 865 04cd 01       		.byte	0x1
 866 04ce 71       		.byte	0x71
 867 04cf 17       		.uleb128 0x17
 868 04d0 63020000 		.4byte	.LASF40
 869 04d4 63020000 		.4byte	.LASF40
 870 04d8 01       		.byte	0x1
 871 04d9 7A       		.byte	0x7a
 872 04da 17       		.uleb128 0x17
 873 04db 3D020000 		.4byte	.LASF41
 874 04df 3D020000 		.4byte	.LASF41
 875 04e3 01       		.byte	0x1
 876 04e4 83       		.byte	0x83
 877 04e5 17       		.uleb128 0x17
 878 04e6 A5000000 		.4byte	.LASF43
 879 04ea A5000000 		.4byte	.LASF43
 880 04ee 01       		.byte	0x1
 881 04ef A3       		.byte	0xa3
 882 04f0 17       		.uleb128 0x17
 883 04f1 19010000 		.4byte	.LASF44
 884 04f5 19010000 		.4byte	.LASF44
 885 04f9 01       		.byte	0x1
 886 04fa AC       		.byte	0xac
 887 04fb 17       		.uleb128 0x17
 888 04fc 96000000 		.4byte	.LASF45
 889 0500 96000000 		.4byte	.LASF45
 890 0504 01       		.byte	0x1
 891 0505 B5       		.byte	0xb5
 892 0506 00       		.byte	0
 893              		.section	.debug_abbrev,"",%progbits
 894              	.Ldebug_abbrev0:
 895 0000 01       		.uleb128 0x1
 896 0001 11       		.uleb128 0x11
 897 0002 01       		.byte	0x1
 898 0003 25       		.uleb128 0x25
 899 0004 0E       		.uleb128 0xe
 900 0005 13       		.uleb128 0x13
 901 0006 0B       		.uleb128 0xb
 902 0007 03       		.uleb128 0x3
 903 0008 0E       		.uleb128 0xe
 904 0009 1B       		.uleb128 0x1b
 905 000a 0E       		.uleb128 0xe
 906 000b 55       		.uleb128 0x55
 907 000c 17       		.uleb128 0x17
 908 000d 11       		.uleb128 0x11
 909 000e 01       		.uleb128 0x1
 910 000f 10       		.uleb128 0x10
 911 0010 17       		.uleb128 0x17
 912 0011 00       		.byte	0
ARM GAS  C:\Users\wa2n8\AppData\Local\Temp\cc6pyAqq.s 			page 21


 913 0012 00       		.byte	0
 914 0013 02       		.uleb128 0x2
 915 0014 24       		.uleb128 0x24
 916 0015 00       		.byte	0
 917 0016 0B       		.uleb128 0xb
 918 0017 0B       		.uleb128 0xb
 919 0018 3E       		.uleb128 0x3e
 920 0019 0B       		.uleb128 0xb
 921 001a 03       		.uleb128 0x3
 922 001b 0E       		.uleb128 0xe
 923 001c 00       		.byte	0
 924 001d 00       		.byte	0
 925 001e 03       		.uleb128 0x3
 926 001f 16       		.uleb128 0x16
 927 0020 00       		.byte	0
 928 0021 03       		.uleb128 0x3
 929 0022 0E       		.uleb128 0xe
 930 0023 3A       		.uleb128 0x3a
 931 0024 0B       		.uleb128 0xb
 932 0025 3B       		.uleb128 0x3b
 933 0026 0B       		.uleb128 0xb
 934 0027 49       		.uleb128 0x49
 935 0028 13       		.uleb128 0x13
 936 0029 00       		.byte	0
 937 002a 00       		.byte	0
 938 002b 04       		.uleb128 0x4
 939 002c 24       		.uleb128 0x24
 940 002d 00       		.byte	0
 941 002e 0B       		.uleb128 0xb
 942 002f 0B       		.uleb128 0xb
 943 0030 3E       		.uleb128 0x3e
 944 0031 0B       		.uleb128 0xb
 945 0032 03       		.uleb128 0x3
 946 0033 08       		.uleb128 0x8
 947 0034 00       		.byte	0
 948 0035 00       		.byte	0
 949 0036 05       		.uleb128 0x5
 950 0037 0F       		.uleb128 0xf
 951 0038 00       		.byte	0
 952 0039 0B       		.uleb128 0xb
 953 003a 0B       		.uleb128 0xb
 954 003b 49       		.uleb128 0x49
 955 003c 13       		.uleb128 0x13
 956 003d 00       		.byte	0
 957 003e 00       		.byte	0
 958 003f 06       		.uleb128 0x6
 959 0040 04       		.uleb128 0x4
 960 0041 01       		.byte	0x1
 961 0042 0B       		.uleb128 0xb
 962 0043 0B       		.uleb128 0xb
 963 0044 49       		.uleb128 0x49
 964 0045 13       		.uleb128 0x13
 965 0046 3A       		.uleb128 0x3a
 966 0047 0B       		.uleb128 0xb
 967 0048 3B       		.uleb128 0x3b
 968 0049 0B       		.uleb128 0xb
 969 004a 01       		.uleb128 0x1
ARM GAS  C:\Users\wa2n8\AppData\Local\Temp\cc6pyAqq.s 			page 22


 970 004b 13       		.uleb128 0x13
 971 004c 00       		.byte	0
 972 004d 00       		.byte	0
 973 004e 07       		.uleb128 0x7
 974 004f 28       		.uleb128 0x28
 975 0050 00       		.byte	0
 976 0051 03       		.uleb128 0x3
 977 0052 0E       		.uleb128 0xe
 978 0053 1C       		.uleb128 0x1c
 979 0054 0B       		.uleb128 0xb
 980 0055 00       		.byte	0
 981 0056 00       		.byte	0
 982 0057 08       		.uleb128 0x8
 983 0058 2E       		.uleb128 0x2e
 984 0059 01       		.byte	0x1
 985 005a 3F       		.uleb128 0x3f
 986 005b 19       		.uleb128 0x19
 987 005c 03       		.uleb128 0x3
 988 005d 0E       		.uleb128 0xe
 989 005e 3A       		.uleb128 0x3a
 990 005f 0B       		.uleb128 0xb
 991 0060 3B       		.uleb128 0x3b
 992 0061 0B       		.uleb128 0xb
 993 0062 27       		.uleb128 0x27
 994 0063 19       		.uleb128 0x19
 995 0064 49       		.uleb128 0x49
 996 0065 13       		.uleb128 0x13
 997 0066 11       		.uleb128 0x11
 998 0067 01       		.uleb128 0x1
 999 0068 12       		.uleb128 0x12
 1000 0069 06       		.uleb128 0x6
 1001 006a 40       		.uleb128 0x40
 1002 006b 18       		.uleb128 0x18
 1003 006c 9742     		.uleb128 0x2117
 1004 006e 19       		.uleb128 0x19
 1005 006f 01       		.uleb128 0x1
 1006 0070 13       		.uleb128 0x13
 1007 0071 00       		.byte	0
 1008 0072 00       		.byte	0
 1009 0073 09       		.uleb128 0x9
 1010 0074 05       		.uleb128 0x5
 1011 0075 00       		.byte	0
 1012 0076 03       		.uleb128 0x3
 1013 0077 0E       		.uleb128 0xe
 1014 0078 3A       		.uleb128 0x3a
 1015 0079 0B       		.uleb128 0xb
 1016 007a 3B       		.uleb128 0x3b
 1017 007b 0B       		.uleb128 0xb
 1018 007c 49       		.uleb128 0x49
 1019 007d 13       		.uleb128 0x13
 1020 007e 02       		.uleb128 0x2
 1021 007f 17       		.uleb128 0x17
 1022 0080 00       		.byte	0
 1023 0081 00       		.byte	0
 1024 0082 0A       		.uleb128 0xa
 1025 0083 34       		.uleb128 0x34
 1026 0084 00       		.byte	0
ARM GAS  C:\Users\wa2n8\AppData\Local\Temp\cc6pyAqq.s 			page 23


 1027 0085 03       		.uleb128 0x3
 1028 0086 0E       		.uleb128 0xe
 1029 0087 3A       		.uleb128 0x3a
 1030 0088 0B       		.uleb128 0xb
 1031 0089 3B       		.uleb128 0x3b
 1032 008a 0B       		.uleb128 0xb
 1033 008b 49       		.uleb128 0x49
 1034 008c 13       		.uleb128 0x13
 1035 008d 00       		.byte	0
 1036 008e 00       		.byte	0
 1037 008f 0B       		.uleb128 0xb
 1038 0090 0B       		.uleb128 0xb
 1039 0091 01       		.byte	0x1
 1040 0092 11       		.uleb128 0x11
 1041 0093 01       		.uleb128 0x1
 1042 0094 12       		.uleb128 0x12
 1043 0095 06       		.uleb128 0x6
 1044 0096 00       		.byte	0
 1045 0097 00       		.byte	0
 1046 0098 0C       		.uleb128 0xc
 1047 0099 2E       		.uleb128 0x2e
 1048 009a 01       		.byte	0x1
 1049 009b 3F       		.uleb128 0x3f
 1050 009c 19       		.uleb128 0x19
 1051 009d 03       		.uleb128 0x3
 1052 009e 0E       		.uleb128 0xe
 1053 009f 3A       		.uleb128 0x3a
 1054 00a0 0B       		.uleb128 0xb
 1055 00a1 3B       		.uleb128 0x3b
 1056 00a2 0B       		.uleb128 0xb
 1057 00a3 49       		.uleb128 0x49
 1058 00a4 13       		.uleb128 0x13
 1059 00a5 3C       		.uleb128 0x3c
 1060 00a6 19       		.uleb128 0x19
 1061 00a7 01       		.uleb128 0x1
 1062 00a8 13       		.uleb128 0x13
 1063 00a9 00       		.byte	0
 1064 00aa 00       		.byte	0
 1065 00ab 0D       		.uleb128 0xd
 1066 00ac 18       		.uleb128 0x18
 1067 00ad 00       		.byte	0
 1068 00ae 00       		.byte	0
 1069 00af 00       		.byte	0
 1070 00b0 0E       		.uleb128 0xe
 1071 00b1 898201   		.uleb128 0x4109
 1072 00b4 00       		.byte	0
 1073 00b5 11       		.uleb128 0x11
 1074 00b6 01       		.uleb128 0x1
 1075 00b7 31       		.uleb128 0x31
 1076 00b8 13       		.uleb128 0x13
 1077 00b9 00       		.byte	0
 1078 00ba 00       		.byte	0
 1079 00bb 0F       		.uleb128 0xf
 1080 00bc 34       		.uleb128 0x34
 1081 00bd 00       		.byte	0
 1082 00be 03       		.uleb128 0x3
 1083 00bf 08       		.uleb128 0x8
ARM GAS  C:\Users\wa2n8\AppData\Local\Temp\cc6pyAqq.s 			page 24


 1084 00c0 3A       		.uleb128 0x3a
 1085 00c1 0B       		.uleb128 0xb
 1086 00c2 3B       		.uleb128 0x3b
 1087 00c3 0B       		.uleb128 0xb
 1088 00c4 49       		.uleb128 0x49
 1089 00c5 13       		.uleb128 0x13
 1090 00c6 00       		.byte	0
 1091 00c7 00       		.byte	0
 1092 00c8 10       		.uleb128 0x10
 1093 00c9 898201   		.uleb128 0x4109
 1094 00cc 01       		.byte	0x1
 1095 00cd 11       		.uleb128 0x11
 1096 00ce 01       		.uleb128 0x1
 1097 00cf 31       		.uleb128 0x31
 1098 00d0 13       		.uleb128 0x13
 1099 00d1 01       		.uleb128 0x1
 1100 00d2 13       		.uleb128 0x13
 1101 00d3 00       		.byte	0
 1102 00d4 00       		.byte	0
 1103 00d5 11       		.uleb128 0x11
 1104 00d6 8A8201   		.uleb128 0x410a
 1105 00d9 00       		.byte	0
 1106 00da 02       		.uleb128 0x2
 1107 00db 18       		.uleb128 0x18
 1108 00dc 9142     		.uleb128 0x2111
 1109 00de 18       		.uleb128 0x18
 1110 00df 00       		.byte	0
 1111 00e0 00       		.byte	0
 1112 00e1 12       		.uleb128 0x12
 1113 00e2 898201   		.uleb128 0x4109
 1114 00e5 01       		.byte	0x1
 1115 00e6 11       		.uleb128 0x11
 1116 00e7 01       		.uleb128 0x1
 1117 00e8 31       		.uleb128 0x31
 1118 00e9 13       		.uleb128 0x13
 1119 00ea 00       		.byte	0
 1120 00eb 00       		.byte	0
 1121 00ec 13       		.uleb128 0x13
 1122 00ed 26       		.uleb128 0x26
 1123 00ee 00       		.byte	0
 1124 00ef 49       		.uleb128 0x49
 1125 00f0 13       		.uleb128 0x13
 1126 00f1 00       		.byte	0
 1127 00f2 00       		.byte	0
 1128 00f3 14       		.uleb128 0x14
 1129 00f4 05       		.uleb128 0x5
 1130 00f5 00       		.byte	0
 1131 00f6 03       		.uleb128 0x3
 1132 00f7 08       		.uleb128 0x8
 1133 00f8 3A       		.uleb128 0x3a
 1134 00f9 0B       		.uleb128 0xb
 1135 00fa 3B       		.uleb128 0x3b
 1136 00fb 0B       		.uleb128 0xb
 1137 00fc 49       		.uleb128 0x49
 1138 00fd 13       		.uleb128 0x13
 1139 00fe 02       		.uleb128 0x2
 1140 00ff 18       		.uleb128 0x18
ARM GAS  C:\Users\wa2n8\AppData\Local\Temp\cc6pyAqq.s 			page 25


 1141 0100 00       		.byte	0
 1142 0101 00       		.byte	0
 1143 0102 15       		.uleb128 0x15
 1144 0103 05       		.uleb128 0x5
 1145 0104 00       		.byte	0
 1146 0105 03       		.uleb128 0x3
 1147 0106 0E       		.uleb128 0xe
 1148 0107 3A       		.uleb128 0x3a
 1149 0108 0B       		.uleb128 0xb
 1150 0109 3B       		.uleb128 0x3b
 1151 010a 0B       		.uleb128 0xb
 1152 010b 49       		.uleb128 0x49
 1153 010c 13       		.uleb128 0x13
 1154 010d 02       		.uleb128 0x2
 1155 010e 18       		.uleb128 0x18
 1156 010f 00       		.byte	0
 1157 0110 00       		.byte	0
 1158 0111 16       		.uleb128 0x16
 1159 0112 0F       		.uleb128 0xf
 1160 0113 00       		.byte	0
 1161 0114 0B       		.uleb128 0xb
 1162 0115 0B       		.uleb128 0xb
 1163 0116 00       		.byte	0
 1164 0117 00       		.byte	0
 1165 0118 17       		.uleb128 0x17
 1166 0119 2E       		.uleb128 0x2e
 1167 011a 00       		.byte	0
 1168 011b 3F       		.uleb128 0x3f
 1169 011c 19       		.uleb128 0x19
 1170 011d 3C       		.uleb128 0x3c
 1171 011e 19       		.uleb128 0x19
 1172 011f 6E       		.uleb128 0x6e
 1173 0120 0E       		.uleb128 0xe
 1174 0121 03       		.uleb128 0x3
 1175 0122 0E       		.uleb128 0xe
 1176 0123 3A       		.uleb128 0x3a
 1177 0124 0B       		.uleb128 0xb
 1178 0125 3B       		.uleb128 0x3b
 1179 0126 0B       		.uleb128 0xb
 1180 0127 00       		.byte	0
 1181 0128 00       		.byte	0
 1182 0129 00       		.byte	0
 1183              		.section	.debug_loc,"",%progbits
 1184              	.Ldebug_loc0:
 1185              	.LLST0:
 1186 0000 00000000 		.4byte	.LVL0
 1187 0004 11000000 		.4byte	.LVL1-1
 1188 0008 0100     		.2byte	0x1
 1189 000a 50       		.byte	0x50
 1190 000b 11000000 		.4byte	.LVL1-1
 1191 000f 14000000 		.4byte	.LVL2
 1192 0013 0400     		.2byte	0x4
 1193 0015 F3       		.byte	0xf3
 1194 0016 01       		.uleb128 0x1
 1195 0017 50       		.byte	0x50
 1196 0018 9F       		.byte	0x9f
 1197 0019 14000000 		.4byte	.LVL2
ARM GAS  C:\Users\wa2n8\AppData\Local\Temp\cc6pyAqq.s 			page 26


 1198 001d 17000000 		.4byte	.LVL3-1
 1199 0021 0100     		.2byte	0x1
 1200 0023 50       		.byte	0x50
 1201 0024 17000000 		.4byte	.LVL3-1
 1202 0028 1A000000 		.4byte	.LVL4
 1203 002c 0400     		.2byte	0x4
 1204 002e F3       		.byte	0xf3
 1205 002f 01       		.uleb128 0x1
 1206 0030 50       		.byte	0x50
 1207 0031 9F       		.byte	0x9f
 1208 0032 1A000000 		.4byte	.LVL4
 1209 0036 1D000000 		.4byte	.LVL5-1
 1210 003a 0100     		.2byte	0x1
 1211 003c 50       		.byte	0x50
 1212 003d 1D000000 		.4byte	.LVL5-1
 1213 0041 22000000 		.4byte	.LFE0
 1214 0045 0400     		.2byte	0x4
 1215 0047 F3       		.byte	0xf3
 1216 0048 01       		.uleb128 0x1
 1217 0049 50       		.byte	0x50
 1218 004a 9F       		.byte	0x9f
 1219 004b 00000000 		.4byte	0
 1220 004f 00000000 		.4byte	0
 1221              	.LLST1:
 1222 0053 00000000 		.4byte	.LVL6
 1223 0057 11000000 		.4byte	.LVL7-1
 1224 005b 0100     		.2byte	0x1
 1225 005d 50       		.byte	0x50
 1226 005e 11000000 		.4byte	.LVL7-1
 1227 0062 14000000 		.4byte	.LVL8
 1228 0066 0400     		.2byte	0x4
 1229 0068 F3       		.byte	0xf3
 1230 0069 01       		.uleb128 0x1
 1231 006a 50       		.byte	0x50
 1232 006b 9F       		.byte	0x9f
 1233 006c 14000000 		.4byte	.LVL8
 1234 0070 17000000 		.4byte	.LVL9-1
 1235 0074 0100     		.2byte	0x1
 1236 0076 50       		.byte	0x50
 1237 0077 17000000 		.4byte	.LVL9-1
 1238 007b 1A000000 		.4byte	.LVL10
 1239 007f 0400     		.2byte	0x4
 1240 0081 F3       		.byte	0xf3
 1241 0082 01       		.uleb128 0x1
 1242 0083 50       		.byte	0x50
 1243 0084 9F       		.byte	0x9f
 1244 0085 1A000000 		.4byte	.LVL10
 1245 0089 1D000000 		.4byte	.LVL11-1
 1246 008d 0100     		.2byte	0x1
 1247 008f 50       		.byte	0x50
 1248 0090 1D000000 		.4byte	.LVL11-1
 1249 0094 22000000 		.4byte	.LFE1
 1250 0098 0400     		.2byte	0x4
 1251 009a F3       		.byte	0xf3
 1252 009b 01       		.uleb128 0x1
 1253 009c 50       		.byte	0x50
 1254 009d 9F       		.byte	0x9f
ARM GAS  C:\Users\wa2n8\AppData\Local\Temp\cc6pyAqq.s 			page 27


 1255 009e 00000000 		.4byte	0
 1256 00a2 00000000 		.4byte	0
 1257              	.LLST2:
 1258 00a6 00000000 		.4byte	.LVL12
 1259 00aa 16000000 		.4byte	.LVL15
 1260 00ae 0100     		.2byte	0x1
 1261 00b0 50       		.byte	0x50
 1262 00b1 16000000 		.4byte	.LVL15
 1263 00b5 1C000000 		.4byte	.LVL17
 1264 00b9 0400     		.2byte	0x4
 1265 00bb F3       		.byte	0xf3
 1266 00bc 01       		.uleb128 0x1
 1267 00bd 50       		.byte	0x50
 1268 00be 9F       		.byte	0x9f
 1269 00bf 1C000000 		.4byte	.LVL17
 1270 00c3 20000000 		.4byte	.LVL18
 1271 00c7 0100     		.2byte	0x1
 1272 00c9 50       		.byte	0x50
 1273 00ca 20000000 		.4byte	.LVL18
 1274 00ce 26000000 		.4byte	.LVL20
 1275 00d2 0400     		.2byte	0x4
 1276 00d4 F3       		.byte	0xf3
 1277 00d5 01       		.uleb128 0x1
 1278 00d6 50       		.byte	0x50
 1279 00d7 9F       		.byte	0x9f
 1280 00d8 26000000 		.4byte	.LVL20
 1281 00dc 2A000000 		.4byte	.LVL21
 1282 00e0 0100     		.2byte	0x1
 1283 00e2 50       		.byte	0x50
 1284 00e3 2A000000 		.4byte	.LVL21
 1285 00e7 32000000 		.4byte	.LFE2
 1286 00eb 0400     		.2byte	0x4
 1287 00ed F3       		.byte	0xf3
 1288 00ee 01       		.uleb128 0x1
 1289 00ef 50       		.byte	0x50
 1290 00f0 9F       		.byte	0x9f
 1291 00f1 00000000 		.4byte	0
 1292 00f5 00000000 		.4byte	0
 1293              	.LLST3:
 1294 00f9 00000000 		.4byte	.LVL12
 1295 00fd 06000000 		.4byte	.LVL13
 1296 0101 0100     		.2byte	0x1
 1297 0103 51       		.byte	0x51
 1298 0104 06000000 		.4byte	.LVL13
 1299 0108 32000000 		.4byte	.LFE2
 1300 010c 0100     		.2byte	0x1
 1301 010e 54       		.byte	0x54
 1302 010f 00000000 		.4byte	0
 1303 0113 00000000 		.4byte	0
 1304              	.LLST4:
 1305 0117 00000000 		.4byte	.LVL12
 1306 011b 14000000 		.4byte	.LVL14
 1307 011f 0100     		.2byte	0x1
 1308 0121 52       		.byte	0x52
 1309 0122 14000000 		.4byte	.LVL14
 1310 0126 19000000 		.4byte	.LVL16-1
 1311 012a 0100     		.2byte	0x1
ARM GAS  C:\Users\wa2n8\AppData\Local\Temp\cc6pyAqq.s 			page 28


 1312 012c 51       		.byte	0x51
 1313 012d 19000000 		.4byte	.LVL16-1
 1314 0131 1C000000 		.4byte	.LVL17
 1315 0135 0400     		.2byte	0x4
 1316 0137 F3       		.byte	0xf3
 1317 0138 01       		.uleb128 0x1
 1318 0139 52       		.byte	0x52
 1319 013a 9F       		.byte	0x9f
 1320 013b 1C000000 		.4byte	.LVL17
 1321 013f 23000000 		.4byte	.LVL19-1
 1322 0143 0100     		.2byte	0x1
 1323 0145 51       		.byte	0x51
 1324 0146 23000000 		.4byte	.LVL19-1
 1325 014a 26000000 		.4byte	.LVL20
 1326 014e 0400     		.2byte	0x4
 1327 0150 F3       		.byte	0xf3
 1328 0151 01       		.uleb128 0x1
 1329 0152 52       		.byte	0x52
 1330 0153 9F       		.byte	0x9f
 1331 0154 26000000 		.4byte	.LVL20
 1332 0158 2D000000 		.4byte	.LVL22-1
 1333 015c 0100     		.2byte	0x1
 1334 015e 51       		.byte	0x51
 1335 015f 2D000000 		.4byte	.LVL22-1
 1336 0163 32000000 		.4byte	.LFE2
 1337 0167 0400     		.2byte	0x4
 1338 0169 F3       		.byte	0xf3
 1339 016a 01       		.uleb128 0x1
 1340 016b 52       		.byte	0x52
 1341 016c 9F       		.byte	0x9f
 1342 016d 00000000 		.4byte	0
 1343 0171 00000000 		.4byte	0
 1344              	.LLST5:
 1345 0175 00000000 		.4byte	.LVL12
 1346 0179 19000000 		.4byte	.LVL16-1
 1347 017d 0100     		.2byte	0x1
 1348 017f 53       		.byte	0x53
 1349 0180 19000000 		.4byte	.LVL16-1
 1350 0184 1C000000 		.4byte	.LVL17
 1351 0188 0400     		.2byte	0x4
 1352 018a F3       		.byte	0xf3
 1353 018b 01       		.uleb128 0x1
 1354 018c 53       		.byte	0x53
 1355 018d 9F       		.byte	0x9f
 1356 018e 1C000000 		.4byte	.LVL17
 1357 0192 23000000 		.4byte	.LVL19-1
 1358 0196 0100     		.2byte	0x1
 1359 0198 53       		.byte	0x53
 1360 0199 23000000 		.4byte	.LVL19-1
 1361 019d 26000000 		.4byte	.LVL20
 1362 01a1 0400     		.2byte	0x4
 1363 01a3 F3       		.byte	0xf3
 1364 01a4 01       		.uleb128 0x1
 1365 01a5 53       		.byte	0x53
 1366 01a6 9F       		.byte	0x9f
 1367 01a7 26000000 		.4byte	.LVL20
 1368 01ab 2D000000 		.4byte	.LVL22-1
ARM GAS  C:\Users\wa2n8\AppData\Local\Temp\cc6pyAqq.s 			page 29


 1369 01af 0100     		.2byte	0x1
 1370 01b1 53       		.byte	0x53
 1371 01b2 2D000000 		.4byte	.LVL22-1
 1372 01b6 32000000 		.4byte	.LFE2
 1373 01ba 0400     		.2byte	0x4
 1374 01bc F3       		.byte	0xf3
 1375 01bd 01       		.uleb128 0x1
 1376 01be 53       		.byte	0x53
 1377 01bf 9F       		.byte	0x9f
 1378 01c0 00000000 		.4byte	0
 1379 01c4 00000000 		.4byte	0
 1380              	.LLST6:
 1381 01c8 00000000 		.4byte	.LVL23
 1382 01cc 16000000 		.4byte	.LVL26
 1383 01d0 0100     		.2byte	0x1
 1384 01d2 50       		.byte	0x50
 1385 01d3 16000000 		.4byte	.LVL26
 1386 01d7 1C000000 		.4byte	.LVL28
 1387 01db 0400     		.2byte	0x4
 1388 01dd F3       		.byte	0xf3
 1389 01de 01       		.uleb128 0x1
 1390 01df 50       		.byte	0x50
 1391 01e0 9F       		.byte	0x9f
 1392 01e1 1C000000 		.4byte	.LVL28
 1393 01e5 20000000 		.4byte	.LVL29
 1394 01e9 0100     		.2byte	0x1
 1395 01eb 50       		.byte	0x50
 1396 01ec 20000000 		.4byte	.LVL29
 1397 01f0 26000000 		.4byte	.LVL31
 1398 01f4 0400     		.2byte	0x4
 1399 01f6 F3       		.byte	0xf3
 1400 01f7 01       		.uleb128 0x1
 1401 01f8 50       		.byte	0x50
 1402 01f9 9F       		.byte	0x9f
 1403 01fa 26000000 		.4byte	.LVL31
 1404 01fe 2A000000 		.4byte	.LVL32
 1405 0202 0100     		.2byte	0x1
 1406 0204 50       		.byte	0x50
 1407 0205 2A000000 		.4byte	.LVL32
 1408 0209 32000000 		.4byte	.LFE3
 1409 020d 0400     		.2byte	0x4
 1410 020f F3       		.byte	0xf3
 1411 0210 01       		.uleb128 0x1
 1412 0211 50       		.byte	0x50
 1413 0212 9F       		.byte	0x9f
 1414 0213 00000000 		.4byte	0
 1415 0217 00000000 		.4byte	0
 1416              	.LLST7:
 1417 021b 00000000 		.4byte	.LVL23
 1418 021f 06000000 		.4byte	.LVL24
 1419 0223 0100     		.2byte	0x1
 1420 0225 51       		.byte	0x51
 1421 0226 06000000 		.4byte	.LVL24
 1422 022a 32000000 		.4byte	.LFE3
 1423 022e 0100     		.2byte	0x1
 1424 0230 54       		.byte	0x54
 1425 0231 00000000 		.4byte	0
ARM GAS  C:\Users\wa2n8\AppData\Local\Temp\cc6pyAqq.s 			page 30


 1426 0235 00000000 		.4byte	0
 1427              	.LLST8:
 1428 0239 00000000 		.4byte	.LVL23
 1429 023d 14000000 		.4byte	.LVL25
 1430 0241 0100     		.2byte	0x1
 1431 0243 52       		.byte	0x52
 1432 0244 14000000 		.4byte	.LVL25
 1433 0248 19000000 		.4byte	.LVL27-1
 1434 024c 0100     		.2byte	0x1
 1435 024e 51       		.byte	0x51
 1436 024f 19000000 		.4byte	.LVL27-1
 1437 0253 1C000000 		.4byte	.LVL28
 1438 0257 0400     		.2byte	0x4
 1439 0259 F3       		.byte	0xf3
 1440 025a 01       		.uleb128 0x1
 1441 025b 52       		.byte	0x52
 1442 025c 9F       		.byte	0x9f
 1443 025d 1C000000 		.4byte	.LVL28
 1444 0261 23000000 		.4byte	.LVL30-1
 1445 0265 0100     		.2byte	0x1
 1446 0267 51       		.byte	0x51
 1447 0268 23000000 		.4byte	.LVL30-1
 1448 026c 26000000 		.4byte	.LVL31
 1449 0270 0400     		.2byte	0x4
 1450 0272 F3       		.byte	0xf3
 1451 0273 01       		.uleb128 0x1
 1452 0274 52       		.byte	0x52
 1453 0275 9F       		.byte	0x9f
 1454 0276 26000000 		.4byte	.LVL31
 1455 027a 2D000000 		.4byte	.LVL33-1
 1456 027e 0100     		.2byte	0x1
 1457 0280 51       		.byte	0x51
 1458 0281 2D000000 		.4byte	.LVL33-1
 1459 0285 32000000 		.4byte	.LFE3
 1460 0289 0400     		.2byte	0x4
 1461 028b F3       		.byte	0xf3
 1462 028c 01       		.uleb128 0x1
 1463 028d 52       		.byte	0x52
 1464 028e 9F       		.byte	0x9f
 1465 028f 00000000 		.4byte	0
 1466 0293 00000000 		.4byte	0
 1467              	.LLST9:
 1468 0297 00000000 		.4byte	.LVL23
 1469 029b 19000000 		.4byte	.LVL27-1
 1470 029f 0100     		.2byte	0x1
 1471 02a1 53       		.byte	0x53
 1472 02a2 19000000 		.4byte	.LVL27-1
 1473 02a6 1C000000 		.4byte	.LVL28
 1474 02aa 0400     		.2byte	0x4
 1475 02ac F3       		.byte	0xf3
 1476 02ad 01       		.uleb128 0x1
 1477 02ae 53       		.byte	0x53
 1478 02af 9F       		.byte	0x9f
 1479 02b0 1C000000 		.4byte	.LVL28
 1480 02b4 23000000 		.4byte	.LVL30-1
 1481 02b8 0100     		.2byte	0x1
 1482 02ba 53       		.byte	0x53
ARM GAS  C:\Users\wa2n8\AppData\Local\Temp\cc6pyAqq.s 			page 31


 1483 02bb 23000000 		.4byte	.LVL30-1
 1484 02bf 26000000 		.4byte	.LVL31
 1485 02c3 0400     		.2byte	0x4
 1486 02c5 F3       		.byte	0xf3
 1487 02c6 01       		.uleb128 0x1
 1488 02c7 53       		.byte	0x53
 1489 02c8 9F       		.byte	0x9f
 1490 02c9 26000000 		.4byte	.LVL31
 1491 02cd 2D000000 		.4byte	.LVL33-1
 1492 02d1 0100     		.2byte	0x1
 1493 02d3 53       		.byte	0x53
 1494 02d4 2D000000 		.4byte	.LVL33-1
 1495 02d8 32000000 		.4byte	.LFE3
 1496 02dc 0400     		.2byte	0x4
 1497 02de F3       		.byte	0xf3
 1498 02df 01       		.uleb128 0x1
 1499 02e0 53       		.byte	0x53
 1500 02e1 9F       		.byte	0x9f
 1501 02e2 00000000 		.4byte	0
 1502 02e6 00000000 		.4byte	0
 1503              	.LLST10:
 1504 02ea 00000000 		.4byte	.LVL34
 1505 02ee 02000000 		.4byte	.LVL35
 1506 02f2 0100     		.2byte	0x1
 1507 02f4 50       		.byte	0x50
 1508 02f5 02000000 		.4byte	.LVL35
 1509 02f9 04000000 		.4byte	.LFE4
 1510 02fd 0400     		.2byte	0x4
 1511 02ff F3       		.byte	0xf3
 1512 0300 01       		.uleb128 0x1
 1513 0301 50       		.byte	0x50
 1514 0302 9F       		.byte	0x9f
 1515 0303 00000000 		.4byte	0
 1516 0307 00000000 		.4byte	0
 1517              		.section	.debug_aranges,"",%progbits
 1518 0000 3C000000 		.4byte	0x3c
 1519 0004 0200     		.2byte	0x2
 1520 0006 00000000 		.4byte	.Ldebug_info0
 1521 000a 04       		.byte	0x4
 1522 000b 00       		.byte	0
 1523 000c 0000     		.2byte	0
 1524 000e 0000     		.2byte	0
 1525 0010 00000000 		.4byte	.LFB0
 1526 0014 22000000 		.4byte	.LFE0-.LFB0
 1527 0018 00000000 		.4byte	.LFB1
 1528 001c 22000000 		.4byte	.LFE1-.LFB1
 1529 0020 00000000 		.4byte	.LFB2
 1530 0024 32000000 		.4byte	.LFE2-.LFB2
 1531 0028 00000000 		.4byte	.LFB3
 1532 002c 32000000 		.4byte	.LFE3-.LFB3
 1533 0030 00000000 		.4byte	.LFB4
 1534 0034 04000000 		.4byte	.LFE4-.LFB4
 1535 0038 00000000 		.4byte	0
 1536 003c 00000000 		.4byte	0
 1537              		.section	.debug_ranges,"",%progbits
 1538              	.Ldebug_ranges0:
 1539 0000 00000000 		.4byte	.LFB0
ARM GAS  C:\Users\wa2n8\AppData\Local\Temp\cc6pyAqq.s 			page 32


 1540 0004 22000000 		.4byte	.LFE0
 1541 0008 00000000 		.4byte	.LFB1
 1542 000c 22000000 		.4byte	.LFE1
 1543 0010 00000000 		.4byte	.LFB2
 1544 0014 32000000 		.4byte	.LFE2
 1545 0018 00000000 		.4byte	.LFB3
 1546 001c 32000000 		.4byte	.LFE3
 1547 0020 00000000 		.4byte	.LFB4
 1548 0024 04000000 		.4byte	.LFE4
 1549 0028 00000000 		.4byte	0
 1550 002c 00000000 		.4byte	0
 1551              		.section	.debug_line,"",%progbits
 1552              	.Ldebug_line0:
 1553 0000 B5010000 		.section	.debug_str,"MS",%progbits,1
 1553      02004201 
 1553      00000201 
 1553      FB0E0D00 
 1553      01010101 
 1554              	.LASF25:
 1555 0000 72657375 		.ascii	"result\000"
 1555      6C7400
 1556              	.LASF31:
 1557 0007 70647276 		.ascii	"pdrv\000"
 1557      00
 1558              	.LASF19:
 1559 000c 5245535F 		.ascii	"RES_ERROR\000"
 1559      4552524F 
 1559      5200
 1560              	.LASF39:
 1561 0016 52414D5F 		.ascii	"RAM_disk_read\000"
 1561      6469736B 
 1561      5F726561 
 1561      6400
 1562              	.LASF18:
 1563 0024 5245535F 		.ascii	"RES_OK\000"
 1563      4F4B00
 1564              	.LASF2:
 1565 002b 73686F72 		.ascii	"short int\000"
 1565      7420696E 
 1565      7400
 1566              	.LASF15:
 1567 0035 4C42415F 		.ascii	"LBA_t\000"
 1567      7400
 1568              	.LASF16:
 1569 003b 73697A65 		.ascii	"sizetype\000"
 1569      74797065 
 1569      00
 1570              	.LASF9:
 1571 0044 5F5F7569 		.ascii	"__uint32_t\000"
 1571      6E743332 
 1571      5F7400
 1572              	.LASF36:
 1573 004f 62756666 		.ascii	"buff\000"
 1573      00
 1574              	.LASF48:
 1575 0054 2E2E5C2E 		.ascii	"..\\..\\ff14\\source\\diskio.c\000"
 1575      2E5C6666 
ARM GAS  C:\Users\wa2n8\AppData\Local\Temp\cc6pyAqq.s 			page 33


 1575      31345C73 
 1575      6F757263 
 1575      655C6469 
 1576              	.LASF12:
 1577 006f 42595445 		.ascii	"BYTE\000"
 1577      00
 1578              	.LASF46:
 1579 0074 6469736B 		.ascii	"disk_ioctl\000"
 1579      5F696F63 
 1579      746C00
 1580              	.LASF37:
 1581 007f 73656374 		.ascii	"sector\000"
 1581      6F7200
 1582              	.LASF26:
 1583 0086 52414D5F 		.ascii	"RAM_disk_status\000"
 1583      6469736B 
 1583      5F737461 
 1583      74757300 
 1584              	.LASF45:
 1585 0096 5553425F 		.ascii	"USB_disk_write\000"
 1585      6469736B 
 1585      5F777269 
 1585      746500
 1586              	.LASF43:
 1587 00a5 52414D5F 		.ascii	"RAM_disk_write\000"
 1587      6469736B 
 1587      5F777269 
 1587      746500
 1588              	.LASF6:
 1589 00b4 6C6F6E67 		.ascii	"long long int\000"
 1589      206C6F6E 
 1589      6720696E 
 1589      7400
 1590              	.LASF21:
 1591 00c2 5245535F 		.ascii	"RES_NOTRDY\000"
 1591      4E4F5452 
 1591      445900
 1592              	.LASF4:
 1593 00cd 6C6F6E67 		.ascii	"long int\000"
 1593      20696E74 
 1593      00
 1594              	.LASF20:
 1595 00d6 5245535F 		.ascii	"RES_WRPRT\000"
 1595      57525052 
 1595      5400
 1596              	.LASF30:
 1597 00e0 6469736B 		.ascii	"disk_initialize\000"
 1597      5F696E69 
 1597      7469616C 
 1597      697A6500 
 1598              	.LASF11:
 1599 00f0 55494E54 		.ascii	"UINT\000"
 1599      00
 1600              	.LASF29:
 1601 00f5 6469736B 		.ascii	"disk_status\000"
 1601      5F737461 
 1601      74757300 
ARM GAS  C:\Users\wa2n8\AppData\Local\Temp\cc6pyAqq.s 			page 34


 1602              	.LASF35:
 1603 0101 6469736B 		.ascii	"disk_read\000"
 1603      5F726561 
 1603      6400
 1604              	.LASF17:
 1605 010b 44535441 		.ascii	"DSTATUS\000"
 1605      54555300 
 1606              	.LASF13:
 1607 0113 44574F52 		.ascii	"DWORD\000"
 1607      4400
 1608              	.LASF44:
 1609 0119 4D4D435F 		.ascii	"MMC_disk_write\000"
 1609      6469736B 
 1609      5F777269 
 1609      746500
 1610              	.LASF1:
 1611 0128 756E7369 		.ascii	"unsigned char\000"
 1611      676E6564 
 1611      20636861 
 1611      7200
 1612              	.LASF28:
 1613 0136 5553425F 		.ascii	"USB_disk_status\000"
 1613      6469736B 
 1613      5F737461 
 1613      74757300 
 1614              	.LASF0:
 1615 0146 7369676E 		.ascii	"signed char\000"
 1615      65642063 
 1615      68617200 
 1616              	.LASF7:
 1617 0152 6C6F6E67 		.ascii	"long long unsigned int\000"
 1617      206C6F6E 
 1617      6720756E 
 1617      7369676E 
 1617      65642069 
 1618              	.LASF10:
 1619 0169 75696E74 		.ascii	"uint32_t\000"
 1619      33325F74 
 1619      00
 1620              	.LASF8:
 1621 0172 756E7369 		.ascii	"unsigned int\000"
 1621      676E6564 
 1621      20696E74 
 1621      00
 1622              	.LASF33:
 1623 017f 4D4D435F 		.ascii	"MMC_disk_initialize\000"
 1623      6469736B 
 1623      5F696E69 
 1623      7469616C 
 1623      697A6500 
 1624              	.LASF42:
 1625 0193 6469736B 		.ascii	"disk_write\000"
 1625      5F777269 
 1625      746500
 1626              	.LASF27:
 1627 019e 4D4D435F 		.ascii	"MMC_disk_status\000"
 1627      6469736B 
ARM GAS  C:\Users\wa2n8\AppData\Local\Temp\cc6pyAqq.s 			page 35


 1627      5F737461 
 1627      74757300 
 1628              	.LASF3:
 1629 01ae 73686F72 		.ascii	"short unsigned int\000"
 1629      7420756E 
 1629      7369676E 
 1629      65642069 
 1629      6E7400
 1630              	.LASF34:
 1631 01c1 5553425F 		.ascii	"USB_disk_initialize\000"
 1631      6469736B 
 1631      5F696E69 
 1631      7469616C 
 1631      697A6500 
 1632              	.LASF14:
 1633 01d5 63686172 		.ascii	"char\000"
 1633      00
 1634              	.LASF49:
 1635 01da 433A5C55 		.ascii	"C:\\Users\\wa2n8\\Desktop\\PSoC\\PSoC5LP-FatFs-with"
 1635      73657273 
 1635      5C776132 
 1635      6E385C44 
 1635      65736B74 
 1636 0208 2D467265 		.ascii	"-FreeRTOS\\PSoC_FatFs\\FatFs.cylib\000"
 1636      6552544F 
 1636      535C5053 
 1636      6F435F46 
 1636      61744673 
 1637              	.LASF32:
 1638 0229 52414D5F 		.ascii	"RAM_disk_initialize\000"
 1638      6469736B 
 1638      5F696E69 
 1638      7469616C 
 1638      697A6500 
 1639              	.LASF41:
 1640 023d 5553425F 		.ascii	"USB_disk_read\000"
 1640      6469736B 
 1640      5F726561 
 1640      6400
 1641              	.LASF5:
 1642 024b 6C6F6E67 		.ascii	"long unsigned int\000"
 1642      20756E73 
 1642      69676E65 
 1642      6420696E 
 1642      7400
 1643              	.LASF38:
 1644 025d 636F756E 		.ascii	"count\000"
 1644      7400
 1645              	.LASF40:
 1646 0263 4D4D435F 		.ascii	"MMC_disk_read\000"
 1646      6469736B 
 1646      5F726561 
 1646      6400
 1647              	.LASF23:
 1648 0271 44524553 		.ascii	"DRESULT\000"
 1648      554C5400 
 1649              	.LASF24:
ARM GAS  C:\Users\wa2n8\AppData\Local\Temp\cc6pyAqq.s 			page 36


 1650 0279 73746174 		.ascii	"stat\000"
 1650      00
 1651              	.LASF47:
 1652 027e 474E5520 		.ascii	"GNU C11 5.4.1 20160609 (release) [ARM/embedded-5-br"
 1652      43313120 
 1652      352E342E 
 1652      31203230 
 1652      31363036 
 1653 02b1 616E6368 		.ascii	"anch revision 237715] -mcpu=cortex-m3 -mthumb -g -O"
 1653      20726576 
 1653      6973696F 
 1653      6E203233 
 1653      37373135 
 1654 02e4 67202D66 		.ascii	"g -ffunction-sections -ffat-lto-objects\000"
 1654      66756E63 
 1654      74696F6E 
 1654      2D736563 
 1654      74696F6E 
 1655              	.LASF22:
 1656 030c 5245535F 		.ascii	"RES_PARERR\000"
 1656      50415245 
 1656      525200
 1657              		.ident	"GCC: (GNU Tools for ARM Embedded Processors) 5.4.1 20160609 (release) [ARM/embedded-5-bran
