ARM GAS  C:\Users\wa2n8\AppData\Local\Temp\ccHkaETB.s 			page 1


   1              		.syntax unified
   2              		.cpu cortex-m3
   3              		.fpu softvfp
   4              		.eabi_attribute 20, 1
   5              		.eabi_attribute 21, 1
   6              		.eabi_attribute 23, 3
   7              		.eabi_attribute 24, 1
   8              		.eabi_attribute 25, 1
   9              		.eabi_attribute 26, 1
  10              		.eabi_attribute 30, 1
  11              		.eabi_attribute 34, 1
  12              		.eabi_attribute 18, 4
  13              		.thumb
  14              		.syntax unified
  15              		.file	"cymetadata.c"
  16              		.text
  17              	.Ltext0:
  18              		.cfi_sections	.debug_frame
  19              		.global	cy_metadata
  20              		.global	cy_meta_flashprotect
  21              		.global	cy_meta_wonvl
  22              		.global	cy_meta_custnvl
  23              		.global	cy_meta_configecc
  24              		.section	.cyconfigecc,"a",%progbits
  25              		.align	2
  26              		.type	cy_meta_configecc, %object
  27              		.size	cy_meta_configecc, 512
  28              	cy_meta_configecc:
  29 0000 02       		.byte	2
  30 0001 52       		.byte	82
  31 0002 00       		.byte	0
  32 0003 40       		.byte	64
  33 0004 01       		.byte	1
  34 0005 65       		.byte	101
  35 0006 00       		.byte	0
  36 0007 40       		.byte	64
  37 0008 33       		.byte	51
  38 0009 08       		.byte	8
  39 000a 01       		.byte	1
  40 000b 40       		.byte	64
  41 000c 25       		.byte	37
  42 000d 09       		.byte	9
  43 000e 01       		.byte	1
  44 000f 40       		.byte	64
  45 0010 38       		.byte	56
  46 0011 19       		.byte	25
  47 0012 01       		.byte	1
  48 0013 40       		.byte	64
  49 0014 01       		.byte	1
  50 0015 1B       		.byte	27
  51 0016 01       		.byte	1
  52 0017 40       		.byte	64
  53 0018 01       		.byte	1
  54 0019 47       		.byte	71
  55 001a 01       		.byte	1
  56 001b 40       		.byte	64
  57 001c 08       		.byte	8
ARM GAS  C:\Users\wa2n8\AppData\Local\Temp\ccHkaETB.s 			page 2


  58 001d 4C       		.byte	76
  59 001e 01       		.byte	1
  60 001f 40       		.byte	64
  61 0020 02       		.byte	2
  62 0021 4D       		.byte	77
  63 0022 01       		.byte	1
  64 0023 40       		.byte	64
  65 0024 04       		.byte	4
  66 0025 50       		.byte	80
  67 0026 01       		.byte	1
  68 0027 40       		.byte	64
  69 0028 08       		.byte	8
  70 0029 18       		.byte	24
  71 002a 09       		.byte	9
  72 002b 10       		.byte	16
  73 002c 89       		.byte	-119
  74 002d 0F       		.byte	15
  75 002e 0C       		.byte	12
  76 002f 09       		.byte	9
  77 0030 0E       		.byte	14
  78 0031 06       		.byte	6
  79 0032 10       		.byte	16
  80 0033 02       		.byte	2
  81 0034 12       		.byte	18
  82 0035 0D       		.byte	13
  83 0036 14       		.byte	20
  84 0037 05       		.byte	5
  85 0038 16       		.byte	22
  86 0039 0A       		.byte	10
  87 003a 1C       		.byte	28
  88 003b 03       		.byte	3
  89 003c 1E       		.byte	30
  90 003d 0C       		.byte	12
  91 003e 30       		.byte	48
  92 003f 0F       		.byte	15
  93 0040 3A       		.byte	58
  94 0041 02       		.byte	2
  95 0042 54       		.byte	84
  96 0043 09       		.byte	9
  97 0044 58       		.byte	88
  98 0045 04       		.byte	4
  99 0046 5B       		.byte	91
 100 0047 04       		.byte	4
 101 0048 5F       		.byte	95
 102 0049 01       		.byte	1
 103 004a 81       		.byte	-127
 104 004b 13       		.byte	19
 105 004c 82       		.byte	-126
 106 004d 80       		.byte	-128
 107 004e 83       		.byte	-125
 108 004f 04       		.byte	4
 109 0050 84       		.byte	-124
 110 0051 02       		.byte	2
 111 0052 86       		.byte	-122
 112 0053 0D       		.byte	13
 113 0054 88       		.byte	-120
 114 0055 8D       		.byte	-115
ARM GAS  C:\Users\wa2n8\AppData\Local\Temp\ccHkaETB.s 			page 3


 115 0056 89       		.byte	-119
 116 0057 05       		.byte	5
 117 0058 8B       		.byte	-117
 118 0059 3A       		.byte	58
 119 005a 8C       		.byte	-116
 120 005b 0D       		.byte	13
 121 005c 8E       		.byte	-114
 122 005d 80       		.byte	-128
 123 005e 90       		.byte	-112
 124 005f 42       		.byte	66
 125 0060 92       		.byte	-110
 126 0061 08       		.byte	8
 127 0062 94       		.byte	-108
 128 0063 40       		.byte	64
 129 0064 97       		.byte	-105
 130 0065 20       		.byte	32
 131 0066 99       		.byte	-103
 132 0067 0E       		.byte	14
 133 0068 9C       		.byte	-100
 134 0069 11       		.byte	17
 135 006a 9E       		.byte	-98
 136 006b 22       		.byte	34
 137 006c A0       		.byte	-96
 138 006d 8D       		.byte	-115
 139 006e A4       		.byte	-92
 140 006f 8D       		.byte	-115
 141 0070 A8       		.byte	-88
 142 0071 62       		.byte	98
 143 0072 AA       		.byte	-86
 144 0073 14       		.byte	20
 145 0074 AC       		.byte	-84
 146 0075 8D       		.byte	-115
 147 0076 AD       		.byte	-83
 148 0077 04       		.byte	4
 149 0078 AF       		.byte	-81
 150 0079 39       		.byte	57
 151 007a B0       		.byte	-80
 152 007b 70       		.byte	112
 153 007c B2       		.byte	-78
 154 007d 0F       		.byte	15
 155 007e B3       		.byte	-77
 156 007f 30       		.byte	48
 157 0080 B4       		.byte	-76
 158 0081 80       		.byte	-128
 159 0082 B5       		.byte	-75
 160 0083 0F       		.byte	15
 161 0084 B9       		.byte	-71
 162 0085 20       		.byte	32
 163 0086 BA       		.byte	-70
 164 0087 0A       		.byte	10
 165 0088 BE       		.byte	-66
 166 0089 10       		.byte	16
 167 008a D4       		.byte	-44
 168 008b 40       		.byte	64
 169 008c D8       		.byte	-40
 170 008d 04       		.byte	4
 171 008e D9       		.byte	-39
ARM GAS  C:\Users\wa2n8\AppData\Local\Temp\ccHkaETB.s 			page 4


 172 008f 04       		.byte	4
 173 0090 DB       		.byte	-37
 174 0091 04       		.byte	4
 175 0092 DF       		.byte	-33
 176 0093 01       		.byte	1
 177 0094 01       		.byte	1
 178 0095 5A       		.byte	90
 179 0096 02       		.byte	2
 180 0097 40       		.byte	64
 181 0098 04       		.byte	4
 182 0099 80       		.byte	-128
 183 009a 09       		.byte	9
 184 009b 08       		.byte	8
 185 009c 0A       		.byte	10
 186 009d 90       		.byte	-112
 187 009e 0B       		.byte	11
 188 009f 01       		.byte	1
 189 00a0 0E       		.byte	14
 190 00a1 80       		.byte	-128
 191 00a2 0F       		.byte	15
 192 00a3 11       		.byte	17
 193 00a4 10       		.byte	16
 194 00a5 20       		.byte	32
 195 00a6 13       		.byte	19
 196 00a7 92       		.byte	-110
 197 00a8 18       		.byte	24
 198 00a9 80       		.byte	-128
 199 00aa 19       		.byte	25
 200 00ab 08       		.byte	8
 201 00ac 1A       		.byte	26
 202 00ad 80       		.byte	-128
 203 00ae 1B       		.byte	27
 204 00af 12       		.byte	18
 205 00b0 1C       		.byte	28
 206 00b1 40       		.byte	64
 207 00b2 1E       		.byte	30
 208 00b3 80       		.byte	-128
 209 00b4 22       		.byte	34
 210 00b5 14       		.byte	20
 211 00b6 2B       		.byte	43
 212 00b7 02       		.byte	2
 213 00b8 32       		.byte	50
 214 00b9 14       		.byte	20
 215 00ba 3B       		.byte	59
 216 00bb 11       		.byte	17
 217 00bc 5E       		.byte	94
 218 00bd 51       		.byte	81
 219 00be 5F       		.byte	95
 220 00bf 04       		.byte	4
 221 00c0 62       		.byte	98
 222 00c1 60       		.byte	96
 223 00c2 63       		.byte	99
 224 00c3 20       		.byte	32
 225 00c4 64       		.byte	100
 226 00c5 02       		.byte	2
 227 00c6 80       		.byte	-128
 228 00c7 02       		.byte	2
ARM GAS  C:\Users\wa2n8\AppData\Local\Temp\ccHkaETB.s 			page 5


 229 00c8 81       		.byte	-127
 230 00c9 04       		.byte	4
 231 00ca 86       		.byte	-122
 232 00cb 04       		.byte	4
 233 00cc C0       		.byte	-64
 234 00cd 8F       		.byte	-113
 235 00ce C2       		.byte	-62
 236 00cf BD       		.byte	-67
 237 00d0 C4       		.byte	-60
 238 00d1 0F       		.byte	15
 239 00d2 CA       		.byte	-54
 240 00d3 08       		.byte	8
 241 00d4 CC       		.byte	-52
 242 00d5 06       		.byte	6
 243 00d6 CE       		.byte	-50
 244 00d7 05       		.byte	5
 245 00d8 D6       		.byte	-42
 246 00d9 F0       		.byte	-16
 247 00da D8       		.byte	-40
 248 00db 1E       		.byte	30
 249 00dc E4       		.byte	-28
 250 00dd 08       		.byte	8
 251 00de 00       		.byte	0
 252 00df 08       		.byte	8
 253 00e0 01       		.byte	1
 254 00e1 60       		.byte	96
 255 00e2 02       		.byte	2
 256 00e3 40       		.byte	64
 257 00e4 0A       		.byte	10
 258 00e5 80       		.byte	-128
 259 00e6 0B       		.byte	11
 260 00e7 11       		.byte	17
 261 00e8 10       		.byte	16
 262 00e9 28       		.byte	40
 263 00ea 13       		.byte	19
 264 00eb 82       		.byte	-126
 265 00ec 18       		.byte	24
 266 00ed 01       		.byte	1
 267 00ee 19       		.byte	25
 268 00ef 24       		.byte	36
 269 00f0 1A       		.byte	26
 270 00f1 41       		.byte	65
 271 00f2 20       		.byte	32
 272 00f3 0E       		.byte	14
 273 00f4 23       		.byte	35
 274 00f5 11       		.byte	17
 275 00f6 2A       		.byte	42
 276 00f7 04       		.byte	4
 277 00f8 2B       		.byte	43
 278 00f9 02       		.byte	2
 279 00fa 30       		.byte	48
 280 00fb A8       		.byte	-88
 281 00fc 32       		.byte	50
 282 00fd 01       		.byte	1
 283 00fe 38       		.byte	56
 284 00ff 04       		.byte	4
 285 0100 39       		.byte	57
ARM GAS  C:\Users\wa2n8\AppData\Local\Temp\ccHkaETB.s 			page 6


 286 0101 40       		.byte	64
 287 0102 3B       		.byte	59
 288 0103 11       		.byte	17
 289 0104 40       		.byte	64
 290 0105 01       		.byte	1
 291 0106 42       		.byte	66
 292 0107 04       		.byte	4
 293 0108 43       		.byte	67
 294 0109 02       		.byte	2
 295 010a 48       		.byte	72
 296 010b 01       		.byte	1
 297 010c 49       		.byte	73
 298 010d 02       		.byte	2
 299 010e 4B       		.byte	75
 300 010f 14       		.byte	20
 301 0110 51       		.byte	81
 302 0111 08       		.byte	8
 303 0112 52       		.byte	82
 304 0113 64       		.byte	100
 305 0114 60       		.byte	96
 306 0115 40       		.byte	64
 307 0116 68       		.byte	104
 308 0117 28       		.byte	40
 309 0118 69       		.byte	105
 310 0119 50       		.byte	80
 311 011a 6A       		.byte	106
 312 011b 02       		.byte	2
 313 011c 6B       		.byte	107
 314 011d 80       		.byte	-128
 315 011e 70       		.byte	112
 316 011f 80       		.byte	-128
 317 0120 73       		.byte	115
 318 0121 02       		.byte	2
 319 0122 81       		.byte	-127
 320 0123 20       		.byte	32
 321 0124 90       		.byte	-112
 322 0125 40       		.byte	64
 323 0126 92       		.byte	-110
 324 0127 80       		.byte	-128
 325 0128 95       		.byte	-107
 326 0129 50       		.byte	80
 327 012a 96       		.byte	-106
 328 012b 41       		.byte	65
 329 012c 97       		.byte	-105
 330 012d 15       		.byte	21
 331 012e 9D       		.byte	-99
 332 012f 06       		.byte	6
 333 0130 9F       		.byte	-97
 334 0131 82       		.byte	-126
 335 0132 A3       		.byte	-93
 336 0133 02       		.byte	2
 337 0134 A4       		.byte	-92
 338 0135 20       		.byte	32
 339 0136 A5       		.byte	-91
 340 0137 08       		.byte	8
 341 0138 A6       		.byte	-90
 342 0139 20       		.byte	32
ARM GAS  C:\Users\wa2n8\AppData\Local\Temp\ccHkaETB.s 			page 7


 343 013a C0       		.byte	-64
 344 013b 0F       		.byte	15
 345 013c C2       		.byte	-62
 346 013d 0D       		.byte	13
 347 013e C4       		.byte	-60
 348 013f 0F       		.byte	15
 349 0140 CA       		.byte	-54
 350 0141 0A       		.byte	10
 351 0142 CC       		.byte	-52
 352 0143 0F       		.byte	15
 353 0144 CE       		.byte	-50
 354 0145 0F       		.byte	15
 355 0146 D0       		.byte	-48
 356 0147 0D       		.byte	13
 357 0148 D2       		.byte	-46
 358 0149 0C       		.byte	12
 359 014a D8       		.byte	-40
 360 014b 01       		.byte	1
 361 014c E4       		.byte	-28
 362 014d 01       		.byte	1
 363 014e B2       		.byte	-78
 364 014f 04       		.byte	4
 365 0150 87       		.byte	-121
 366 0151 04       		.byte	4
 367 0152 0C       		.byte	12
 368 0153 01       		.byte	1
 369 0154 57       		.byte	87
 370 0155 08       		.byte	8
 371 0156 67       		.byte	103
 372 0157 08       		.byte	8
 373 0158 83       		.byte	-125
 374 0159 08       		.byte	8
 375 015a 93       		.byte	-109
 376 015b 08       		.byte	8
 377 015c C2       		.byte	-62
 378 015d 04       		.byte	4
 379 015e D4       		.byte	-44
 380 015f 02       		.byte	2
 381 0160 D8       		.byte	-40
 382 0161 01       		.byte	1
 383 0162 B0       		.byte	-80
 384 0163 01       		.byte	1
 385 0164 EE       		.byte	-18
 386 0165 04       		.byte	4
 387 0166 00       		.byte	0
 388 0167 01       		.byte	1
 389 0168 0C       		.byte	12
 390 0169 01       		.byte	1
 391 016a 10       		.byte	16
 392 016b 01       		.byte	1
 393 016c 1C       		.byte	28
 394 016d 01       		.byte	1
 395 016e 00       		.byte	0
 396 016f 00       		.byte	0
 397 0170 60       		.byte	96
 398 0171 13       		.byte	19
 399 0172 00       		.byte	0
ARM GAS  C:\Users\wa2n8\AppData\Local\Temp\ccHkaETB.s 			page 8


 400 0173 64       		.byte	100
 401 0174 04       		.byte	4
 402 0175 38       		.byte	56
 403 0176 00       		.byte	0
 404 0177 C0       		.byte	-64
 405 0178 01       		.byte	1
 406 0179 21       		.byte	33
 407 017a 00       		.byte	0
 408 017b D8       		.byte	-40
 409 017c 04       		.byte	4
 410 017d 98       		.byte	-104
 411 017e 80       		.byte	-128
 412 017f 02       		.byte	2
 413 0180 56       		.byte	86
 414 0181 9A       		.byte	-102
 415 0182 09       		.byte	9
 416 0183 00       		.byte	0
 417 0184 0A       		.byte	10
 418 0185 02       		.byte	2
 419 0186 10       		.byte	16
 420 0187 98       		.byte	-104
 421 0188 00       		.byte	0
 422 0189 98       		.byte	-104
 423 018a 00       		.byte	0
 424 018b 02       		.byte	2
 425 018c 07       		.byte	7
 426 018d 9A       		.byte	-102
 427 018e 38       		.byte	56
 428 018f 00       		.byte	0
 429 0190 84       		.byte	-124
 430 0191 00       		.byte	0
 431 0192 00       		.byte	0
 432 0193 00       		.byte	0
 433 0194 84       		.byte	-124
 434 0195 02       		.byte	2
 435 0196 00       		.byte	0
 436 0197 00       		.byte	0
 437 0198 80       		.byte	-128
 438 0199 00       		.byte	0
 439 019a 04       		.byte	4
 440 019b 00       		.byte	0
 441 019c 84       		.byte	-124
 442 019d FC       		.byte	-4
 443 019e 00       		.byte	0
 444 019f 03       		.byte	3
 445 01a0 08       		.byte	8
 446 01a1 00       		.byte	0
 447 01a2 02       		.byte	2
 448 01a3 0F       		.byte	15
 449 01a4 7F       		.byte	127
 450 01a5 E0       		.byte	-32
 451 01a6 80       		.byte	-128
 452 01a7 13       		.byte	19
 453 01a8 20       		.byte	32
 454 01a9 00       		.byte	0
 455 01aa 00       		.byte	0
 456 01ab 28       		.byte	40
ARM GAS  C:\Users\wa2n8\AppData\Local\Temp\ccHkaETB.s 			page 9


 457 01ac 00       		.byte	0
 458 01ad 00       		.byte	0
 459 01ae 45       		.byte	69
 460 01af 00       		.byte	0
 461 01b0 64       		.byte	100
 462 01b1 05       		.byte	5
 463 01b2 10       		.byte	16
 464 01b3 00       		.byte	0
 465 01b4 02       		.byte	2
 466 01b5 DE       		.byte	-34
 467 01b6 FB       		.byte	-5
 468 01b7 0C       		.byte	12
 469 01b8 1F       		.byte	31
 470 01b9 FF       		.byte	-1
 471 01ba FF       		.byte	-1
 472 01bb FF       		.byte	-1
 473 01bc 22       		.byte	34
 474 01bd 00       		.byte	0
 475 01be F0       		.byte	-16
 476 01bf 08       		.byte	8
 477 01c0 04       		.byte	4
 478 01c1 00       		.byte	0
 479 01c2 00       		.byte	0
 480 01c3 00       		.byte	0
 481 01c4 00       		.byte	0
 482 01c5 00       		.byte	0
 483 01c6 02       		.byte	2
 484 01c7 2C       		.byte	44
 485 01c8 04       		.byte	4
 486 01c9 04       		.byte	4
 487 01ca 04       		.byte	4
 488 01cb 04       		.byte	4
 489 01cc 00       		.byte	0
 490 01cd 00       		.byte	0
 491 01ce 00       		.byte	0
 492 01cf 01       		.byte	1
 493 01d0 00       		.byte	0
 494 01d1 00       		.byte	0
 495 01d2 C0       		.byte	-64
 496 01d3 00       		.byte	0
 497 01d4 40       		.byte	64
 498 01d5 01       		.byte	1
 499 01d6 10       		.byte	16
 500 01d7 11       		.byte	17
 501 01d8 C0       		.byte	-64
 502 01d9 01       		.byte	1
 503 01da 00       		.byte	0
 504 01db 11       		.byte	17
 505 01dc 40       		.byte	64
 506 01dd 01       		.byte	1
 507 01de 40       		.byte	64
 508 01df 01       		.byte	1
 509 01e0 00       		.byte	0
 510 01e1 00       		.byte	0
 511 01e2 00       		.byte	0
 512 01e3 00       		.byte	0
 513 01e4 00       		.byte	0
ARM GAS  C:\Users\wa2n8\AppData\Local\Temp\ccHkaETB.s 			page 10


 514 01e5 00       		.byte	0
 515 01e6 00       		.byte	0
 516 01e7 00       		.byte	0
 517 01e8 00       		.byte	0
 518 01e9 00       		.byte	0
 519 01ea 00       		.byte	0
 520 01eb 00       		.byte	0
 521 01ec 00       		.byte	0
 522 01ed 00       		.byte	0
 523 01ee 00       		.byte	0
 524 01ef 00       		.byte	0
 525 01f0 00       		.byte	0
 526 01f1 30       		.byte	48
 527 01f2 30       		.byte	48
 528 01f3 00       		.byte	0
 529 01f4 00       		.byte	0
 530 01f5 00       		.byte	0
 531 01f6 00       		.byte	0
 532 01f7 00       		.byte	0
 533 01f8 20       		.byte	32
 534 01f9 1F       		.byte	31
 535 01fa 1F       		.byte	31
 536 01fb 00       		.byte	0
 537 01fc 18       		.byte	24
 538 01fd 00       		.byte	0
 539 01fe 00       		.byte	0
 540 01ff 00       		.byte	0
 541              		.section	.cywolatch,"a",%progbits
 542              		.align	2
 543              		.type	cy_meta_wonvl, %object
 544              		.size	cy_meta_wonvl, 4
 545              	cy_meta_wonvl:
 546 0000 BC       		.byte	-68
 547 0001 90       		.byte	-112
 548 0002 AC       		.byte	-84
 549 0003 AF       		.byte	-81
 550              		.section	.cycustnvl,"a",%progbits
 551              		.align	2
 552              		.type	cy_meta_custnvl, %object
 553              		.size	cy_meta_custnvl, 4
 554              	cy_meta_custnvl:
 555 0000 00       		.byte	0
 556 0001 00       		.byte	0
 557 0002 40       		.byte	64
 558 0003 05       		.byte	5
 559              		.section	.cymeta,"a",%progbits
 560              		.align	2
 561              		.type	cy_metadata, %object
 562              		.size	cy_metadata, 12
 563              	cy_metadata:
 564 0000 00       		.byte	0
 565 0001 01       		.byte	1
 566 0002 2E       		.byte	46
 567 0003 12       		.byte	18
 568 0004 70       		.byte	112
 569 0005 69       		.byte	105
 570 0006 00       		.byte	0
ARM GAS  C:\Users\wa2n8\AppData\Local\Temp\ccHkaETB.s 			page 11


 571 0007 01       		.byte	1
 572 0008 00       		.byte	0
 573 0009 00       		.byte	0
 574 000a 00       		.byte	0
 575 000b 00       		.byte	0
 576              		.section	.cyflashprotect,"a",%progbits
 577              		.align	2
 578              		.type	cy_meta_flashprotect, %object
 579              		.size	cy_meta_flashprotect, 256
 580              	cy_meta_flashprotect:
 581 0000 00000000 		.space	256
 581      00000000 
 581      00000000 
 581      00000000 
 581      00000000 
 582              		.text
 583              	.Letext0:
 584              		.file 1 "c:\\program files (x86)\\cypress\\psoc creator\\4.2\\psoc creator\\import\\gnu\\arm\\5.4.
 585              		.file 2 "c:\\program files (x86)\\cypress\\psoc creator\\4.2\\psoc creator\\import\\gnu\\arm\\5.4.
 586              		.file 3 "Generated_Source\\PSoC5\\cymetadata.c"
 587              		.section	.debug_info,"",%progbits
 588              	.Ldebug_info0:
 589 0000 31010000 		.4byte	0x131
 590 0004 0400     		.2byte	0x4
 591 0006 00000000 		.4byte	.Ldebug_abbrev0
 592 000a 04       		.byte	0x4
 593 000b 01       		.uleb128 0x1
 594 000c 24000000 		.4byte	.LASF17
 595 0010 0C       		.byte	0xc
 596 0011 D1010000 		.4byte	.LASF18
 597 0015 F9000000 		.4byte	.LASF19
 598 0019 00000000 		.4byte	.Ldebug_line0
 599 001d 02       		.uleb128 0x2
 600 001e 01       		.byte	0x1
 601 001f 06       		.byte	0x6
 602 0020 C5010000 		.4byte	.LASF0
 603 0024 03       		.uleb128 0x3
 604 0025 00000000 		.4byte	.LASF9
 605 0029 01       		.byte	0x1
 606 002a 1D       		.byte	0x1d
 607 002b 2F000000 		.4byte	0x2f
 608 002f 02       		.uleb128 0x2
 609 0030 01       		.byte	0x1
 610 0031 08       		.byte	0x8
 611 0032 16000000 		.4byte	.LASF1
 612 0036 02       		.uleb128 0x2
 613 0037 02       		.byte	0x2
 614 0038 05       		.byte	0x5
 615 0039 B2010000 		.4byte	.LASF2
 616 003d 02       		.uleb128 0x2
 617 003e 02       		.byte	0x2
 618 003f 07       		.byte	0x7
 619 0040 C4000000 		.4byte	.LASF3
 620 0044 02       		.uleb128 0x2
 621 0045 04       		.byte	0x4
 622 0046 05       		.byte	0x5
 623 0047 BC010000 		.4byte	.LASF4
ARM GAS  C:\Users\wa2n8\AppData\Local\Temp\ccHkaETB.s 			page 12


 624 004b 02       		.uleb128 0x2
 625 004c 04       		.byte	0x4
 626 004d 07       		.byte	0x7
 627 004e B2000000 		.4byte	.LASF5
 628 0052 02       		.uleb128 0x2
 629 0053 08       		.byte	0x8
 630 0054 05       		.byte	0x5
 631 0055 A4010000 		.4byte	.LASF6
 632 0059 02       		.uleb128 0x2
 633 005a 08       		.byte	0x8
 634 005b 07       		.byte	0x7
 635 005c 59010000 		.4byte	.LASF7
 636 0060 04       		.uleb128 0x4
 637 0061 04       		.byte	0x4
 638 0062 05       		.byte	0x5
 639 0063 696E7400 		.ascii	"int\000"
 640 0067 02       		.uleb128 0x2
 641 0068 04       		.byte	0x4
 642 0069 07       		.byte	0x7
 643 006a 4C010000 		.4byte	.LASF8
 644 006e 03       		.uleb128 0x3
 645 006f 70010000 		.4byte	.LASF10
 646 0073 02       		.byte	0x2
 647 0074 18       		.byte	0x18
 648 0075 24000000 		.4byte	0x24
 649 0079 05       		.uleb128 0x5
 650 007a 91000000 		.4byte	0x91
 651 007e 8A000000 		.4byte	0x8a
 652 0082 06       		.uleb128 0x6
 653 0083 8A000000 		.4byte	0x8a
 654 0087 FF01     		.2byte	0x1ff
 655 0089 00       		.byte	0
 656 008a 02       		.uleb128 0x2
 657 008b 04       		.byte	0x4
 658 008c 07       		.byte	0x7
 659 008d 9B010000 		.4byte	.LASF11
 660 0091 07       		.uleb128 0x7
 661 0092 6E000000 		.4byte	0x6e
 662 0096 08       		.uleb128 0x8
 663 0097 E7000000 		.4byte	.LASF12
 664 009b 03       		.byte	0x3
 665 009c 1F       		.byte	0x1f
 666 009d A7000000 		.4byte	0xa7
 667 00a1 05       		.uleb128 0x5
 668 00a2 03       		.byte	0x3
 669 00a3 00000000 		.4byte	cy_meta_configecc
 670 00a7 07       		.uleb128 0x7
 671 00a8 79000000 		.4byte	0x79
 672 00ac 05       		.uleb128 0x5
 673 00ad 91000000 		.4byte	0x91
 674 00b1 BC000000 		.4byte	0xbc
 675 00b5 09       		.uleb128 0x9
 676 00b6 8A000000 		.4byte	0x8a
 677 00ba 03       		.byte	0x3
 678 00bb 00       		.byte	0
 679 00bc 08       		.uleb128 0x8
 680 00bd D7000000 		.4byte	.LASF13
ARM GAS  C:\Users\wa2n8\AppData\Local\Temp\ccHkaETB.s 			page 13


 681 00c1 03       		.byte	0x3
 682 00c2 6C       		.byte	0x6c
 683 00c3 CD000000 		.4byte	0xcd
 684 00c7 05       		.uleb128 0x5
 685 00c8 03       		.byte	0x3
 686 00c9 00000000 		.4byte	cy_meta_custnvl
 687 00cd 07       		.uleb128 0x7
 688 00ce AC000000 		.4byte	0xac
 689 00d2 08       		.uleb128 0x8
 690 00d3 8D010000 		.4byte	.LASF14
 691 00d7 03       		.byte	0x3
 692 00d8 7A       		.byte	0x7a
 693 00d9 E3000000 		.4byte	0xe3
 694 00dd 05       		.uleb128 0x5
 695 00de 03       		.byte	0x3
 696 00df 00000000 		.4byte	cy_meta_wonvl
 697 00e3 07       		.uleb128 0x7
 698 00e4 AC000000 		.4byte	0xac
 699 00e8 05       		.uleb128 0x5
 700 00e9 91000000 		.4byte	0x91
 701 00ed F8000000 		.4byte	0xf8
 702 00f1 09       		.uleb128 0x9
 703 00f2 8A000000 		.4byte	0x8a
 704 00f6 FF       		.byte	0xff
 705 00f7 00       		.byte	0
 706 00f8 08       		.uleb128 0x8
 707 00f9 78010000 		.4byte	.LASF15
 708 00fd 03       		.byte	0x3
 709 00fe 88       		.byte	0x88
 710 00ff 09010000 		.4byte	0x109
 711 0103 05       		.uleb128 0x5
 712 0104 03       		.byte	0x3
 713 0105 00000000 		.4byte	cy_meta_flashprotect
 714 0109 07       		.uleb128 0x7
 715 010a E8000000 		.4byte	0xe8
 716 010e 05       		.uleb128 0x5
 717 010f 91000000 		.4byte	0x91
 718 0113 1E010000 		.4byte	0x11e
 719 0117 09       		.uleb128 0x9
 720 0118 8A000000 		.4byte	0x8a
 721 011c 0B       		.byte	0xb
 722 011d 00       		.byte	0
 723 011e 08       		.uleb128 0x8
 724 011f 0A000000 		.4byte	.LASF16
 725 0123 03       		.byte	0x3
 726 0124 B5       		.byte	0xb5
 727 0125 2F010000 		.4byte	0x12f
 728 0129 05       		.uleb128 0x5
 729 012a 03       		.byte	0x3
 730 012b 00000000 		.4byte	cy_metadata
 731 012f 07       		.uleb128 0x7
 732 0130 0E010000 		.4byte	0x10e
 733 0134 00       		.byte	0
 734              		.section	.debug_abbrev,"",%progbits
 735              	.Ldebug_abbrev0:
 736 0000 01       		.uleb128 0x1
 737 0001 11       		.uleb128 0x11
ARM GAS  C:\Users\wa2n8\AppData\Local\Temp\ccHkaETB.s 			page 14


 738 0002 01       		.byte	0x1
 739 0003 25       		.uleb128 0x25
 740 0004 0E       		.uleb128 0xe
 741 0005 13       		.uleb128 0x13
 742 0006 0B       		.uleb128 0xb
 743 0007 03       		.uleb128 0x3
 744 0008 0E       		.uleb128 0xe
 745 0009 1B       		.uleb128 0x1b
 746 000a 0E       		.uleb128 0xe
 747 000b 10       		.uleb128 0x10
 748 000c 17       		.uleb128 0x17
 749 000d 00       		.byte	0
 750 000e 00       		.byte	0
 751 000f 02       		.uleb128 0x2
 752 0010 24       		.uleb128 0x24
 753 0011 00       		.byte	0
 754 0012 0B       		.uleb128 0xb
 755 0013 0B       		.uleb128 0xb
 756 0014 3E       		.uleb128 0x3e
 757 0015 0B       		.uleb128 0xb
 758 0016 03       		.uleb128 0x3
 759 0017 0E       		.uleb128 0xe
 760 0018 00       		.byte	0
 761 0019 00       		.byte	0
 762 001a 03       		.uleb128 0x3
 763 001b 16       		.uleb128 0x16
 764 001c 00       		.byte	0
 765 001d 03       		.uleb128 0x3
 766 001e 0E       		.uleb128 0xe
 767 001f 3A       		.uleb128 0x3a
 768 0020 0B       		.uleb128 0xb
 769 0021 3B       		.uleb128 0x3b
 770 0022 0B       		.uleb128 0xb
 771 0023 49       		.uleb128 0x49
 772 0024 13       		.uleb128 0x13
 773 0025 00       		.byte	0
 774 0026 00       		.byte	0
 775 0027 04       		.uleb128 0x4
 776 0028 24       		.uleb128 0x24
 777 0029 00       		.byte	0
 778 002a 0B       		.uleb128 0xb
 779 002b 0B       		.uleb128 0xb
 780 002c 3E       		.uleb128 0x3e
 781 002d 0B       		.uleb128 0xb
 782 002e 03       		.uleb128 0x3
 783 002f 08       		.uleb128 0x8
 784 0030 00       		.byte	0
 785 0031 00       		.byte	0
 786 0032 05       		.uleb128 0x5
 787 0033 01       		.uleb128 0x1
 788 0034 01       		.byte	0x1
 789 0035 49       		.uleb128 0x49
 790 0036 13       		.uleb128 0x13
 791 0037 01       		.uleb128 0x1
 792 0038 13       		.uleb128 0x13
 793 0039 00       		.byte	0
 794 003a 00       		.byte	0
ARM GAS  C:\Users\wa2n8\AppData\Local\Temp\ccHkaETB.s 			page 15


 795 003b 06       		.uleb128 0x6
 796 003c 21       		.uleb128 0x21
 797 003d 00       		.byte	0
 798 003e 49       		.uleb128 0x49
 799 003f 13       		.uleb128 0x13
 800 0040 2F       		.uleb128 0x2f
 801 0041 05       		.uleb128 0x5
 802 0042 00       		.byte	0
 803 0043 00       		.byte	0
 804 0044 07       		.uleb128 0x7
 805 0045 26       		.uleb128 0x26
 806 0046 00       		.byte	0
 807 0047 49       		.uleb128 0x49
 808 0048 13       		.uleb128 0x13
 809 0049 00       		.byte	0
 810 004a 00       		.byte	0
 811 004b 08       		.uleb128 0x8
 812 004c 34       		.uleb128 0x34
 813 004d 00       		.byte	0
 814 004e 03       		.uleb128 0x3
 815 004f 0E       		.uleb128 0xe
 816 0050 3A       		.uleb128 0x3a
 817 0051 0B       		.uleb128 0xb
 818 0052 3B       		.uleb128 0x3b
 819 0053 0B       		.uleb128 0xb
 820 0054 49       		.uleb128 0x49
 821 0055 13       		.uleb128 0x13
 822 0056 3F       		.uleb128 0x3f
 823 0057 19       		.uleb128 0x19
 824 0058 02       		.uleb128 0x2
 825 0059 18       		.uleb128 0x18
 826 005a 00       		.byte	0
 827 005b 00       		.byte	0
 828 005c 09       		.uleb128 0x9
 829 005d 21       		.uleb128 0x21
 830 005e 00       		.byte	0
 831 005f 49       		.uleb128 0x49
 832 0060 13       		.uleb128 0x13
 833 0061 2F       		.uleb128 0x2f
 834 0062 0B       		.uleb128 0xb
 835 0063 00       		.byte	0
 836 0064 00       		.byte	0
 837 0065 00       		.byte	0
 838              		.section	.debug_aranges,"",%progbits
 839 0000 14000000 		.4byte	0x14
 840 0004 0200     		.2byte	0x2
 841 0006 00000000 		.4byte	.Ldebug_info0
 842 000a 04       		.byte	0x4
 843 000b 00       		.byte	0
 844 000c 0000     		.2byte	0
 845 000e 0000     		.2byte	0
 846 0010 00000000 		.4byte	0
 847 0014 00000000 		.4byte	0
 848              		.section	.debug_line,"",%progbits
 849              	.Ldebug_line0:
 850 0000 3D010000 		.section	.debug_str,"MS",%progbits,1
 850      02003701 
ARM GAS  C:\Users\wa2n8\AppData\Local\Temp\ccHkaETB.s 			page 16


 850      00000201 
 850      FB0E0D00 
 850      01010101 
 851              	.LASF9:
 852 0000 5F5F7569 		.ascii	"__uint8_t\000"
 852      6E74385F 
 852      7400
 853              	.LASF16:
 854 000a 63795F6D 		.ascii	"cy_metadata\000"
 854      65746164 
 854      61746100 
 855              	.LASF1:
 856 0016 756E7369 		.ascii	"unsigned char\000"
 856      676E6564 
 856      20636861 
 856      7200
 857              	.LASF17:
 858 0024 474E5520 		.ascii	"GNU C11 5.4.1 20160609 (release) [ARM/embedded-5-br"
 858      43313120 
 858      352E342E 
 858      31203230 
 858      31363036 
 859 0057 616E6368 		.ascii	"anch revision 237715] -mcpu=cortex-m3 -mthumb -g -O"
 859      20726576 
 859      6973696F 
 859      6E203233 
 859      37373135 
 860 008a 67202D66 		.ascii	"g -ffunction-sections -ffat-lto-objects\000"
 860      66756E63 
 860      74696F6E 
 860      2D736563 
 860      74696F6E 
 861              	.LASF5:
 862 00b2 6C6F6E67 		.ascii	"long unsigned int\000"
 862      20756E73 
 862      69676E65 
 862      6420696E 
 862      7400
 863              	.LASF3:
 864 00c4 73686F72 		.ascii	"short unsigned int\000"
 864      7420756E 
 864      7369676E 
 864      65642069 
 864      6E7400
 865              	.LASF13:
 866 00d7 63795F6D 		.ascii	"cy_meta_custnvl\000"
 866      6574615F 
 866      63757374 
 866      6E766C00 
 867              	.LASF12:
 868 00e7 63795F6D 		.ascii	"cy_meta_configecc\000"
 868      6574615F 
 868      636F6E66 
 868      69676563 
 868      6300
 869              	.LASF19:
 870 00f9 433A5C55 		.ascii	"C:\\Users\\wa2n8\\Desktop\\PSoC\\PSoC5LP-FatFs-with"
ARM GAS  C:\Users\wa2n8\AppData\Local\Temp\ccHkaETB.s 			page 17


 870      73657273 
 870      5C776132 
 870      6E385C44 
 870      65736B74 
 871 0127 2D467265 		.ascii	"-FreeRTOS\\PSoC_FatFs\\baremetal.cydsn\000"
 871      6552544F 
 871      535C5053 
 871      6F435F46 
 871      61744673 
 872              	.LASF8:
 873 014c 756E7369 		.ascii	"unsigned int\000"
 873      676E6564 
 873      20696E74 
 873      00
 874              	.LASF7:
 875 0159 6C6F6E67 		.ascii	"long long unsigned int\000"
 875      206C6F6E 
 875      6720756E 
 875      7369676E 
 875      65642069 
 876              	.LASF10:
 877 0170 75696E74 		.ascii	"uint8_t\000"
 877      385F7400 
 878              	.LASF15:
 879 0178 63795F6D 		.ascii	"cy_meta_flashprotect\000"
 879      6574615F 
 879      666C6173 
 879      6870726F 
 879      74656374 
 880              	.LASF14:
 881 018d 63795F6D 		.ascii	"cy_meta_wonvl\000"
 881      6574615F 
 881      776F6E76 
 881      6C00
 882              	.LASF11:
 883 019b 73697A65 		.ascii	"sizetype\000"
 883      74797065 
 883      00
 884              	.LASF6:
 885 01a4 6C6F6E67 		.ascii	"long long int\000"
 885      206C6F6E 
 885      6720696E 
 885      7400
 886              	.LASF2:
 887 01b2 73686F72 		.ascii	"short int\000"
 887      7420696E 
 887      7400
 888              	.LASF4:
 889 01bc 6C6F6E67 		.ascii	"long int\000"
 889      20696E74 
 889      00
 890              	.LASF0:
 891 01c5 7369676E 		.ascii	"signed char\000"
 891      65642063 
 891      68617200 
 892              	.LASF18:
 893 01d1 47656E65 		.ascii	"Generated_Source\\PSoC5\\cymetadata.c\000"
ARM GAS  C:\Users\wa2n8\AppData\Local\Temp\ccHkaETB.s 			page 18


 893      72617465 
 893      645F536F 
 893      75726365 
 893      5C50536F 
 894              		.ident	"GCC: (GNU Tools for ARM Embedded Processors) 5.4.1 20160609 (release) [ARM/embedded-5-bran
